<?xml version="1.0" encoding="UTF-8"?>
<robot generator="Robot 3.2.1 (Python 3.8.5 on win32)" generated="20210401 10:53:19.026" rpa="false">
<suite id="s1" name="Reality" source="C:\Users\Ashal\git\reality\reality">
<suite id="s1-s1" name="Execution" source="C:\Users\Ashal\git\reality\reality\execution">
<suite id="s1-s1-s1" name="Sreality" source="C:\Users\Ashal\git\reality\reality\execution\sreality.robot">
<test id="s1-s1-s1-t1" name="Print All Searched Links">
<kw name="Open Browser with no Page" library="keywords" type="setup">
<kw name="Set Screenshot Directory" library="Selenium2Library">
<doc>Sets the directory for captured screenshots.</doc>
<arguments>
<arg>screenshots</arg>
</arguments>
<status status="PASS" starttime="20210401 10:53:19.333" endtime="20210401 10:53:19.333"></status>
</kw>
<kw name="Open Browser" library="Selenium2Library">
<doc>Opens a new browser instance to the optional ``url``.</doc>
<arguments>
<arg>about:blank</arg>
<arg>${browser}</arg>
</arguments>
<msg timestamp="20210401 10:53:19.334" level="INFO">Opening browser 'chrome' to base url 'about:blank'.</msg>
<status status="PASS" starttime="20210401 10:53:19.334" endtime="20210401 10:53:20.418"></status>
</kw>
<kw name="Maximize Browser Window" library="Selenium2Library">
<doc>Maximizes current browser window.</doc>
<status status="PASS" starttime="20210401 10:53:20.419" endtime="20210401 10:53:20.546"></status>
</kw>
<status status="PASS" starttime="20210401 10:53:19.333" endtime="20210401 10:53:20.546"></status>
</kw>
<kw name="Iterate All Searched Pages and Return Links" library="keywords">
<arguments>
<arg>${search}</arg>
<arg>1</arg>
</arguments>
<assign>
<var>${search_list}</var>
</assign>
<kw name="Get Total Pages" library="keywords">
<arguments>
<arg>${search}</arg>
<arg>${paging_count_css}</arg>
<arg>${paging}</arg>
</arguments>
<assign>
<var>${page_count}</var>
</assign>
<kw name="Go to nth searched page" library="keywords">
<arguments>
<arg>${search}</arg>
<arg>1</arg>
<arg>${paging_current_css}</arg>
</arguments>
<kw name="Return nth searched page" library="keywords">
<arguments>
<arg>${search}</arg>
<arg>${n}</arg>
</arguments>
<assign>
<var>${search_url}</var>
</assign>
<kw name="Catenate" library="BuiltIn">
<doc>Catenates the given items together and returns the resulted string.</doc>
<arguments>
<arg>SEPARATOR=</arg>
<arg>${url}</arg>
<arg>${search}</arg>
<arg>&amp;strana=</arg>
<arg>${n}</arg>
</arguments>
<assign>
<var>${url}</var>
</assign>
<msg timestamp="20210401 10:53:20.548" level="INFO">${url} = https://www.sreality.cz/hledani/prodej/byty/praha?velikost=1%2Bkk&amp;bez-aukce=1&amp;strana=1</msg>
<status status="PASS" starttime="20210401 10:53:20.548" endtime="20210401 10:53:20.548"></status>
</kw>
<msg timestamp="20210401 10:53:20.549" level="INFO">${search_url} = https://www.sreality.cz/hledani/prodej/byty/praha?velikost=1%2Bkk&amp;bez-aukce=1&amp;strana=1</msg>
<status status="PASS" starttime="20210401 10:53:20.548" endtime="20210401 10:53:20.549"></status>
</kw>
<kw name="Go To" library="Selenium2Library">
<doc>Navigates the current browser window to the provided ``url``.</doc>
<arguments>
<arg>${search_url}</arg>
</arguments>
<msg timestamp="20210401 10:53:20.549" level="INFO">Opening url 'https://www.sreality.cz/hledani/prodej/byty/praha?velikost=1%2Bkk&amp;bez-aukce=1&amp;strana=1'</msg>
<status status="PASS" starttime="20210401 10:53:20.549" endtime="20210401 10:53:23.321"></status>
</kw>
<kw name="Convert To String" library="BuiltIn">
<doc>Converts the given item to a Unicode string.</doc>
<arguments>
<arg>${n}</arg>
</arguments>
<assign>
<var>${s}</var>
</assign>
<msg timestamp="20210401 10:53:23.322" level="INFO">${s} = 1</msg>
<status status="PASS" starttime="20210401 10:53:23.322" endtime="20210401 10:53:23.323"></status>
</kw>
<kw name="Wait Until Element Contains" library="Selenium2Library">
<doc>Waits until the element ``locator`` contains ``text``.</doc>
<arguments>
<arg>${element_tag}</arg>
<arg>${s}</arg>
</arguments>
<status status="PASS" starttime="20210401 10:53:23.323" endtime="20210401 10:53:23.342"></status>
</kw>
<status status="PASS" starttime="20210401 10:53:20.547" endtime="20210401 10:53:23.342"></status>
</kw>
<kw name="Get Text" library="Selenium2Library">
<doc>Returns the text value of the element identified by ``locator``.</doc>
<arguments>
<arg>${paging_total_tag}</arg>
</arguments>
<assign>
<var>${paging_total_text}</var>
</assign>
<msg timestamp="20210401 10:53:23.360" level="INFO">${paging_total_text} = 595</msg>
<status status="PASS" starttime="20210401 10:53:23.342" endtime="20210401 10:53:23.360"></status>
</kw>
<kw name="Convert To Integer" library="BuiltIn">
<doc>Converts the given item to an integer number.</doc>
<arguments>
<arg>${paging_total_text}</arg>
</arguments>
<assign>
<var>${paging_total_num}</var>
</assign>
<msg timestamp="20210401 10:53:23.361" level="INFO">${paging_total_num} = 595</msg>
<status status="PASS" starttime="20210401 10:53:23.360" endtime="20210401 10:53:23.361"></status>
</kw>
<kw name="Evaluate" library="BuiltIn">
<doc>Evaluates the given expression in Python and returns the result.</doc>
<arguments>
<arg>${paging_total_num}/${paging_num}+0.5</arg>
</arguments>
<assign>
<var>${paging_count}</var>
</assign>
<msg timestamp="20210401 10:53:23.361" level="INFO">${paging_count} = 30.25</msg>
<status status="PASS" starttime="20210401 10:53:23.361" endtime="20210401 10:53:23.361"></status>
</kw>
<kw name="Convert To Integer" library="BuiltIn">
<doc>Converts the given item to an integer number.</doc>
<arguments>
<arg>${paging_count}</arg>
</arguments>
<assign>
<var>${result}</var>
</assign>
<msg timestamp="20210401 10:53:23.362" level="INFO">${result} = 30</msg>
<status status="PASS" starttime="20210401 10:53:23.362" endtime="20210401 10:53:23.362"></status>
</kw>
<msg timestamp="20210401 10:53:23.362" level="INFO">${page_count} = 30</msg>
<status status="PASS" starttime="20210401 10:53:20.547" endtime="20210401 10:53:23.362"></status>
</kw>
<kw name="Create List" library="BuiltIn">
<doc>Returns a list containing given items.</doc>
<assign>
<var>${result_list}</var>
</assign>
<msg timestamp="20210401 10:53:23.363" level="INFO">${result_list} = []</msg>
<status status="PASS" starttime="20210401 10:53:23.363" endtime="20210401 10:53:23.363"></status>
</kw>
<kw name="${i} IN RANGE [ ${page_count}-1 ]" type="for">
<kw name="${i} = 0" type="foritem">
<kw name="Evaluate" library="BuiltIn">
<doc>Evaluates the given expression in Python and returns the result.</doc>
<arguments>
<arg>${i}+1</arg>
</arguments>
<assign>
<var>${n}</var>
</assign>
<msg timestamp="20210401 10:53:23.364" level="INFO">${n} = 1</msg>
<status status="PASS" starttime="20210401 10:53:23.363" endtime="20210401 10:53:23.364"></status>
</kw>
<kw name="Go to nth searched page" library="keywords">
<arguments>
<arg>${search}</arg>
<arg>${n}</arg>
<arg>${paging_current_css}</arg>
</arguments>
<kw name="Return nth searched page" library="keywords">
<arguments>
<arg>${search}</arg>
<arg>${n}</arg>
</arguments>
<assign>
<var>${search_url}</var>
</assign>
<kw name="Catenate" library="BuiltIn">
<doc>Catenates the given items together and returns the resulted string.</doc>
<arguments>
<arg>SEPARATOR=</arg>
<arg>${url}</arg>
<arg>${search}</arg>
<arg>&amp;strana=</arg>
<arg>${n}</arg>
</arguments>
<assign>
<var>${url}</var>
</assign>
<msg timestamp="20210401 10:53:23.365" level="INFO">${url} = https://www.sreality.cz/hledani/prodej/byty/praha?velikost=1%2Bkk&amp;bez-aukce=1&amp;strana=1</msg>
<status status="PASS" starttime="20210401 10:53:23.365" endtime="20210401 10:53:23.365"></status>
</kw>
<msg timestamp="20210401 10:53:23.366" level="INFO">${search_url} = https://www.sreality.cz/hledani/prodej/byty/praha?velikost=1%2Bkk&amp;bez-aukce=1&amp;strana=1</msg>
<status status="PASS" starttime="20210401 10:53:23.364" endtime="20210401 10:53:23.366"></status>
</kw>
<kw name="Go To" library="Selenium2Library">
<doc>Navigates the current browser window to the provided ``url``.</doc>
<arguments>
<arg>${search_url}</arg>
</arguments>
<msg timestamp="20210401 10:53:23.367" level="INFO">Opening url 'https://www.sreality.cz/hledani/prodej/byty/praha?velikost=1%2Bkk&amp;bez-aukce=1&amp;strana=1'</msg>
<status status="PASS" starttime="20210401 10:53:23.366" endtime="20210401 10:53:23.699"></status>
</kw>
<kw name="Convert To String" library="BuiltIn">
<doc>Converts the given item to a Unicode string.</doc>
<arguments>
<arg>${n}</arg>
</arguments>
<assign>
<var>${s}</var>
</assign>
<msg timestamp="20210401 10:53:23.700" level="INFO">${s} = 1</msg>
<status status="PASS" starttime="20210401 10:53:23.699" endtime="20210401 10:53:23.700"></status>
</kw>
<kw name="Wait Until Element Contains" library="Selenium2Library">
<doc>Waits until the element ``locator`` contains ``text``.</doc>
<arguments>
<arg>${element_tag}</arg>
<arg>${s}</arg>
</arguments>
<status status="PASS" starttime="20210401 10:53:23.700" endtime="20210401 10:53:24.606"></status>
</kw>
<status status="PASS" starttime="20210401 10:53:23.364" endtime="20210401 10:53:24.607"></status>
</kw>
<kw name="Return Attribute List from Element List" library="keywords">
<arguments>
<arg>${property_link_css}</arg>
<arg>${property_link_attribute}</arg>
<arg>1</arg>
</arguments>
<assign>
<var>${midresult_list}</var>
</assign>
<kw name="Get WebElements" library="Selenium2Library">
<doc>Returns a list of WebElement objects matching the ``locator``.</doc>
<arguments>
<arg>${elements_tag}</arg>
</arguments>
<assign>
<var>${element_list}</var>
</assign>
<msg timestamp="20210401 10:53:24.618" level="INFO">${element_list} = [&lt;selenium.webdriver.remote.webelement.WebElement (session="8d7c5dbcca83458e6b2b1bceb787905e", element="e08caeef-b53b-43ac-8017-571b28676a10")&gt;, &lt;selenium.webdriver.remote.webelement.WebElement (sessi...</msg>
<status status="PASS" starttime="20210401 10:53:24.607" endtime="20210401 10:53:24.618"></status>
</kw>
<kw name="Create List" library="BuiltIn">
<doc>Returns a list containing given items.</doc>
<assign>
<var>${result_list}</var>
</assign>
<msg timestamp="20210401 10:53:24.619" level="INFO">${result_list} = []</msg>
<status status="PASS" starttime="20210401 10:53:24.619" endtime="20210401 10:53:24.619"></status>
</kw>
<kw name="Set Variable" library="BuiltIn">
<doc>Returns the given values which can then be assigned to a variables.</doc>
<arguments>
<arg>0</arg>
</arguments>
<assign>
<var>${i}</var>
</assign>
<msg timestamp="20210401 10:53:24.620" level="INFO">${i} = 0</msg>
<status status="PASS" starttime="20210401 10:53:24.619" endtime="20210401 10:53:24.620"></status>
</kw>
<kw name="${element} IN [ @{element_list} ]" type="for">
<kw name="${element} = &lt;selenium.webdriver.remote.webelement.WebElement (session=&quot;8d7c5dbcca83458e6b2b1bceb787905e&quot;, element=&quot;e08caeef-b53b-43ac-8017-571b28676a10&quot;)&gt;" type="foritem">
<kw name="Get Element Attribute" library="Selenium2Library">
<doc>Returns the value of ``attribute`` from the element ``locator``.</doc>
<arguments>
<arg>${element}</arg>
<arg>${elements_attribute}</arg>
</arguments>
<assign>
<var>${attribute}</var>
</assign>
<msg timestamp="20210401 10:53:24.627" level="INFO">${attribute} = /detail/prodej/byt/1+kk/praha-holesovice-u-pergamenky/2759245148</msg>
<status status="PASS" starttime="20210401 10:53:24.620" endtime="20210401 10:53:24.628"></status>
</kw>
<kw name="Run Keyword If" library="BuiltIn">
<doc>Runs the given keyword with the given arguments, if ``condition`` is true.</doc>
<arguments>
<arg>${i}&gt;=${start}</arg>
<arg>Append To List</arg>
<arg>${result_list}</arg>
<arg>${attribute}</arg>
</arguments>
<status status="PASS" starttime="20210401 10:53:24.628" endtime="20210401 10:53:24.629"></status>
</kw>
<kw name="Evaluate" library="BuiltIn">
<doc>Evaluates the given expression in Python and returns the result.</doc>
<arguments>
<arg>${i}+1</arg>
</arguments>
<assign>
<var>${i}</var>
</assign>
<msg timestamp="20210401 10:53:24.629" level="INFO">${i} = 1</msg>
<status status="PASS" starttime="20210401 10:53:24.629" endtime="20210401 10:53:24.629"></status>
</kw>
<status status="PASS" starttime="20210401 10:53:24.620" endtime="20210401 10:53:24.630"></status>
</kw>
<kw name="${element} = &lt;selenium.webdriver.remote.webelement.WebElement (session=&quot;8d7c5dbcca83458e6b2b1bceb787905e&quot;, element=&quot;6888584a-474b-4ac5-b507-826900d38e70&quot;)&gt;" type="foritem">
<kw name="Get Element Attribute" library="Selenium2Library">
<doc>Returns the value of ``attribute`` from the element ``locator``.</doc>
<arguments>
<arg>${element}</arg>
<arg>${elements_attribute}</arg>
</arguments>
<assign>
<var>${attribute}</var>
</assign>
<msg timestamp="20210401 10:53:24.637" level="INFO">${attribute} = /detail/prodej/byt/1+kk/praha-vrsovice-na-spojce/1597705564</msg>
<status status="PASS" starttime="20210401 10:53:24.630" endtime="20210401 10:53:24.637"></status>
</kw>
<kw name="Run Keyword If" library="BuiltIn">
<doc>Runs the given keyword with the given arguments, if ``condition`` is true.</doc>
<arguments>
<arg>${i}&gt;=${start}</arg>
<arg>Append To List</arg>
<arg>${result_list}</arg>
<arg>${attribute}</arg>
</arguments>
<kw name="Append To List" library="Collections">
<doc>Adds ``values`` to the end of ``list``.</doc>
<arguments>
<arg>${result_list}</arg>
<arg>${attribute}</arg>
</arguments>
<status status="PASS" starttime="20210401 10:53:24.638" endtime="20210401 10:53:24.638"></status>
</kw>
<status status="PASS" starttime="20210401 10:53:24.638" endtime="20210401 10:53:24.638"></status>
</kw>
<kw name="Evaluate" library="BuiltIn">
<doc>Evaluates the given expression in Python and returns the result.</doc>
<arguments>
<arg>${i}+1</arg>
</arguments>
<assign>
<var>${i}</var>
</assign>
<msg timestamp="20210401 10:53:24.639" level="INFO">${i} = 2</msg>
<status status="PASS" starttime="20210401 10:53:24.639" endtime="20210401 10:53:24.639"></status>
</kw>
<status status="PASS" starttime="20210401 10:53:24.630" endtime="20210401 10:53:24.639"></status>
</kw>
<kw name="${element} = &lt;selenium.webdriver.remote.webelement.WebElement (session=&quot;8d7c5dbcca83458e6b2b1bceb787905e&quot;, element=&quot;83648277-a410-4b58-963e-6fe610faced7&quot;)&gt;" type="foritem">
<kw name="Get Element Attribute" library="Selenium2Library">
<doc>Returns the value of ``attribute`` from the element ``locator``.</doc>
<arguments>
<arg>${element}</arg>
<arg>${elements_attribute}</arg>
</arguments>
<assign>
<var>${attribute}</var>
</assign>
<msg timestamp="20210401 10:53:24.644" level="INFO">${attribute} = /detail/prodej/byt/1+kk/praha-karlin-rohanske-nabrezi/3275226204</msg>
<status status="PASS" starttime="20210401 10:53:24.639" endtime="20210401 10:53:24.644"></status>
</kw>
<kw name="Run Keyword If" library="BuiltIn">
<doc>Runs the given keyword with the given arguments, if ``condition`` is true.</doc>
<arguments>
<arg>${i}&gt;=${start}</arg>
<arg>Append To List</arg>
<arg>${result_list}</arg>
<arg>${attribute}</arg>
</arguments>
<kw name="Append To List" library="Collections">
<doc>Adds ``values`` to the end of ``list``.</doc>
<arguments>
<arg>${result_list}</arg>
<arg>${attribute}</arg>
</arguments>
<status status="PASS" starttime="20210401 10:53:24.645" endtime="20210401 10:53:24.645"></status>
</kw>
<status status="PASS" starttime="20210401 10:53:24.645" endtime="20210401 10:53:24.646"></status>
</kw>
<kw name="Evaluate" library="BuiltIn">
<doc>Evaluates the given expression in Python and returns the result.</doc>
<arguments>
<arg>${i}+1</arg>
</arguments>
<assign>
<var>${i}</var>
</assign>
<msg timestamp="20210401 10:53:24.646" level="INFO">${i} = 3</msg>
<status status="PASS" starttime="20210401 10:53:24.646" endtime="20210401 10:53:24.646"></status>
</kw>
<status status="PASS" starttime="20210401 10:53:24.639" endtime="20210401 10:53:24.646"></status>
</kw>
<kw name="${element} = &lt;selenium.webdriver.remote.webelement.WebElement (session=&quot;8d7c5dbcca83458e6b2b1bceb787905e&quot;, element=&quot;994f2747-9894-43e1-bd42-69e1df70e565&quot;)&gt;" type="foritem">
<kw name="Get Element Attribute" library="Selenium2Library">
<doc>Returns the value of ``attribute`` from the element ``locator``.</doc>
<arguments>
<arg>${element}</arg>
<arg>${elements_attribute}</arg>
</arguments>
<assign>
<var>${attribute}</var>
</assign>
<msg timestamp="20210401 10:53:24.653" level="INFO">${attribute} = /detail/prodej/byt/1+kk/praha-liben-cervena-ban/1417702748</msg>
<status status="PASS" starttime="20210401 10:53:24.647" endtime="20210401 10:53:24.653"></status>
</kw>
<kw name="Run Keyword If" library="BuiltIn">
<doc>Runs the given keyword with the given arguments, if ``condition`` is true.</doc>
<arguments>
<arg>${i}&gt;=${start}</arg>
<arg>Append To List</arg>
<arg>${result_list}</arg>
<arg>${attribute}</arg>
</arguments>
<kw name="Append To List" library="Collections">
<doc>Adds ``values`` to the end of ``list``.</doc>
<arguments>
<arg>${result_list}</arg>
<arg>${attribute}</arg>
</arguments>
<status status="PASS" starttime="20210401 10:53:24.654" endtime="20210401 10:53:24.654"></status>
</kw>
<status status="PASS" starttime="20210401 10:53:24.654" endtime="20210401 10:53:24.654"></status>
</kw>
<kw name="Evaluate" library="BuiltIn">
<doc>Evaluates the given expression in Python and returns the result.</doc>
<arguments>
<arg>${i}+1</arg>
</arguments>
<assign>
<var>${i}</var>
</assign>
<msg timestamp="20210401 10:53:24.655" level="INFO">${i} = 4</msg>
<status status="PASS" starttime="20210401 10:53:24.655" endtime="20210401 10:53:24.655"></status>
</kw>
<status status="PASS" starttime="20210401 10:53:24.646" endtime="20210401 10:53:24.655"></status>
</kw>
<kw name="${element} = &lt;selenium.webdriver.remote.webelement.WebElement (session=&quot;8d7c5dbcca83458e6b2b1bceb787905e&quot;, element=&quot;e370a459-eb89-4a92-855a-d1497fe0510f&quot;)&gt;" type="foritem">
<kw name="Get Element Attribute" library="Selenium2Library">
<doc>Returns the value of ``attribute`` from the element ``locator``.</doc>
<arguments>
<arg>${element}</arg>
<arg>${elements_attribute}</arg>
</arguments>
<assign>
<var>${attribute}</var>
</assign>
<msg timestamp="20210401 10:53:24.660" level="INFO">${attribute} = /detail/prodej/byt/1+kk/praha-liben-cervena-ban/3098570076</msg>
<status status="PASS" starttime="20210401 10:53:24.655" endtime="20210401 10:53:24.660"></status>
</kw>
<kw name="Run Keyword If" library="BuiltIn">
<doc>Runs the given keyword with the given arguments, if ``condition`` is true.</doc>
<arguments>
<arg>${i}&gt;=${start}</arg>
<arg>Append To List</arg>
<arg>${result_list}</arg>
<arg>${attribute}</arg>
</arguments>
<kw name="Append To List" library="Collections">
<doc>Adds ``values`` to the end of ``list``.</doc>
<arguments>
<arg>${result_list}</arg>
<arg>${attribute}</arg>
</arguments>
<status status="PASS" starttime="20210401 10:53:24.661" endtime="20210401 10:53:24.661"></status>
</kw>
<status status="PASS" starttime="20210401 10:53:24.660" endtime="20210401 10:53:24.661"></status>
</kw>
<kw name="Evaluate" library="BuiltIn">
<doc>Evaluates the given expression in Python and returns the result.</doc>
<arguments>
<arg>${i}+1</arg>
</arguments>
<assign>
<var>${i}</var>
</assign>
<msg timestamp="20210401 10:53:24.662" level="INFO">${i} = 5</msg>
<status status="PASS" starttime="20210401 10:53:24.661" endtime="20210401 10:53:24.662"></status>
</kw>
<status status="PASS" starttime="20210401 10:53:24.655" endtime="20210401 10:53:24.662"></status>
</kw>
<kw name="${element} = &lt;selenium.webdriver.remote.webelement.WebElement (session=&quot;8d7c5dbcca83458e6b2b1bceb787905e&quot;, element=&quot;547c7492-3fa0-424b-9091-a58da20389b2&quot;)&gt;" type="foritem">
<kw name="Get Element Attribute" library="Selenium2Library">
<doc>Returns the value of ``attribute`` from the element ``locator``.</doc>
<arguments>
<arg>${element}</arg>
<arg>${elements_attribute}</arg>
</arguments>
<assign>
<var>${attribute}</var>
</assign>
<msg timestamp="20210401 10:53:24.667" level="INFO">${attribute} = /detail/prodej/byt/1+kk/praha-zabehlice-zabehlicka/1672183132</msg>
<status status="PASS" starttime="20210401 10:53:24.662" endtime="20210401 10:53:24.667"></status>
</kw>
<kw name="Run Keyword If" library="BuiltIn">
<doc>Runs the given keyword with the given arguments, if ``condition`` is true.</doc>
<arguments>
<arg>${i}&gt;=${start}</arg>
<arg>Append To List</arg>
<arg>${result_list}</arg>
<arg>${attribute}</arg>
</arguments>
<kw name="Append To List" library="Collections">
<doc>Adds ``values`` to the end of ``list``.</doc>
<arguments>
<arg>${result_list}</arg>
<arg>${attribute}</arg>
</arguments>
<status status="PASS" starttime="20210401 10:53:24.668" endtime="20210401 10:53:24.668"></status>
</kw>
<status status="PASS" starttime="20210401 10:53:24.667" endtime="20210401 10:53:24.668"></status>
</kw>
<kw name="Evaluate" library="BuiltIn">
<doc>Evaluates the given expression in Python and returns the result.</doc>
<arguments>
<arg>${i}+1</arg>
</arguments>
<assign>
<var>${i}</var>
</assign>
<msg timestamp="20210401 10:53:24.668" level="INFO">${i} = 6</msg>
<status status="PASS" starttime="20210401 10:53:24.668" endtime="20210401 10:53:24.668"></status>
</kw>
<status status="PASS" starttime="20210401 10:53:24.662" endtime="20210401 10:53:24.669"></status>
</kw>
<kw name="${element} = &lt;selenium.webdriver.remote.webelement.WebElement (session=&quot;8d7c5dbcca83458e6b2b1bceb787905e&quot;, element=&quot;16f3df44-50b4-43c9-af38-8710c1e4e1ca&quot;)&gt;" type="foritem">
<kw name="Get Element Attribute" library="Selenium2Library">
<doc>Returns the value of ``attribute`` from the element ``locator``.</doc>
<arguments>
<arg>${element}</arg>
<arg>${elements_attribute}</arg>
</arguments>
<assign>
<var>${attribute}</var>
</assign>
<msg timestamp="20210401 10:53:24.675" level="INFO">${attribute} = /detail/prodej/byt/1+kk/praha-michle-michelska/2161896540</msg>
<status status="PASS" starttime="20210401 10:53:24.669" endtime="20210401 10:53:24.675"></status>
</kw>
<kw name="Run Keyword If" library="BuiltIn">
<doc>Runs the given keyword with the given arguments, if ``condition`` is true.</doc>
<arguments>
<arg>${i}&gt;=${start}</arg>
<arg>Append To List</arg>
<arg>${result_list}</arg>
<arg>${attribute}</arg>
</arguments>
<kw name="Append To List" library="Collections">
<doc>Adds ``values`` to the end of ``list``.</doc>
<arguments>
<arg>${result_list}</arg>
<arg>${attribute}</arg>
</arguments>
<status status="PASS" starttime="20210401 10:53:24.675" endtime="20210401 10:53:24.676"></status>
</kw>
<status status="PASS" starttime="20210401 10:53:24.675" endtime="20210401 10:53:24.676"></status>
</kw>
<kw name="Evaluate" library="BuiltIn">
<doc>Evaluates the given expression in Python and returns the result.</doc>
<arguments>
<arg>${i}+1</arg>
</arguments>
<assign>
<var>${i}</var>
</assign>
<msg timestamp="20210401 10:53:24.676" level="INFO">${i} = 7</msg>
<status status="PASS" starttime="20210401 10:53:24.676" endtime="20210401 10:53:24.676"></status>
</kw>
<status status="PASS" starttime="20210401 10:53:24.669" endtime="20210401 10:53:24.676"></status>
</kw>
<kw name="${element} = &lt;selenium.webdriver.remote.webelement.WebElement (session=&quot;8d7c5dbcca83458e6b2b1bceb787905e&quot;, element=&quot;e65d7092-bdcc-4ec6-b10b-e6ec24e5198b&quot;)&gt;" type="foritem">
<kw name="Get Element Attribute" library="Selenium2Library">
<doc>Returns the value of ``attribute`` from the element ``locator``.</doc>
<arguments>
<arg>${element}</arg>
<arg>${elements_attribute}</arg>
</arguments>
<assign>
<var>${attribute}</var>
</assign>
<msg timestamp="20210401 10:53:24.681" level="INFO">${attribute} = /detail/prodej/byt/1+kk/praha-hlubocepy-baarove/2557865308</msg>
<status status="PASS" starttime="20210401 10:53:24.677" endtime="20210401 10:53:24.681"></status>
</kw>
<kw name="Run Keyword If" library="BuiltIn">
<doc>Runs the given keyword with the given arguments, if ``condition`` is true.</doc>
<arguments>
<arg>${i}&gt;=${start}</arg>
<arg>Append To List</arg>
<arg>${result_list}</arg>
<arg>${attribute}</arg>
</arguments>
<kw name="Append To List" library="Collections">
<doc>Adds ``values`` to the end of ``list``.</doc>
<arguments>
<arg>${result_list}</arg>
<arg>${attribute}</arg>
</arguments>
<status status="PASS" starttime="20210401 10:53:24.682" endtime="20210401 10:53:24.682"></status>
</kw>
<status status="PASS" starttime="20210401 10:53:24.681" endtime="20210401 10:53:24.682"></status>
</kw>
<kw name="Evaluate" library="BuiltIn">
<doc>Evaluates the given expression in Python and returns the result.</doc>
<arguments>
<arg>${i}+1</arg>
</arguments>
<assign>
<var>${i}</var>
</assign>
<msg timestamp="20210401 10:53:24.683" level="INFO">${i} = 8</msg>
<status status="PASS" starttime="20210401 10:53:24.682" endtime="20210401 10:53:24.683"></status>
</kw>
<status status="PASS" starttime="20210401 10:53:24.677" endtime="20210401 10:53:24.683"></status>
</kw>
<kw name="${element} = &lt;selenium.webdriver.remote.webelement.WebElement (session=&quot;8d7c5dbcca83458e6b2b1bceb787905e&quot;, element=&quot;131e5c3d-16c8-4fe1-9d1e-21e5ded085fa&quot;)&gt;" type="foritem">
<kw name="Get Element Attribute" library="Selenium2Library">
<doc>Returns the value of ``attribute`` from the element ``locator``.</doc>
<arguments>
<arg>${element}</arg>
<arg>${elements_attribute}</arg>
</arguments>
<assign>
<var>${attribute}</var>
</assign>
<msg timestamp="20210401 10:53:24.688" level="INFO">${attribute} = /detail/prodej/byt/1+kk/praha-holesovice-u-pergamenky/2759245148</msg>
<status status="PASS" starttime="20210401 10:53:24.683" endtime="20210401 10:53:24.688"></status>
</kw>
<kw name="Run Keyword If" library="BuiltIn">
<doc>Runs the given keyword with the given arguments, if ``condition`` is true.</doc>
<arguments>
<arg>${i}&gt;=${start}</arg>
<arg>Append To List</arg>
<arg>${result_list}</arg>
<arg>${attribute}</arg>
</arguments>
<kw name="Append To List" library="Collections">
<doc>Adds ``values`` to the end of ``list``.</doc>
<arguments>
<arg>${result_list}</arg>
<arg>${attribute}</arg>
</arguments>
<status status="PASS" starttime="20210401 10:53:24.688" endtime="20210401 10:53:24.689"></status>
</kw>
<status status="PASS" starttime="20210401 10:53:24.688" endtime="20210401 10:53:24.689"></status>
</kw>
<kw name="Evaluate" library="BuiltIn">
<doc>Evaluates the given expression in Python and returns the result.</doc>
<arguments>
<arg>${i}+1</arg>
</arguments>
<assign>
<var>${i}</var>
</assign>
<msg timestamp="20210401 10:53:24.689" level="INFO">${i} = 9</msg>
<status status="PASS" starttime="20210401 10:53:24.689" endtime="20210401 10:53:24.689"></status>
</kw>
<status status="PASS" starttime="20210401 10:53:24.683" endtime="20210401 10:53:24.689"></status>
</kw>
<kw name="${element} = &lt;selenium.webdriver.remote.webelement.WebElement (session=&quot;8d7c5dbcca83458e6b2b1bceb787905e&quot;, element=&quot;03bc0a31-d8cb-4839-b393-559f150c9c25&quot;)&gt;" type="foritem">
<kw name="Get Element Attribute" library="Selenium2Library">
<doc>Returns the value of ``attribute`` from the element ``locator``.</doc>
<arguments>
<arg>${element}</arg>
<arg>${elements_attribute}</arg>
</arguments>
<assign>
<var>${attribute}</var>
</assign>
<msg timestamp="20210401 10:53:24.696" level="INFO">${attribute} = /detail/prodej/byt/1+kk/praha-karlin-u-sluncove/3647786332</msg>
<status status="PASS" starttime="20210401 10:53:24.690" endtime="20210401 10:53:24.696"></status>
</kw>
<kw name="Run Keyword If" library="BuiltIn">
<doc>Runs the given keyword with the given arguments, if ``condition`` is true.</doc>
<arguments>
<arg>${i}&gt;=${start}</arg>
<arg>Append To List</arg>
<arg>${result_list}</arg>
<arg>${attribute}</arg>
</arguments>
<kw name="Append To List" library="Collections">
<doc>Adds ``values`` to the end of ``list``.</doc>
<arguments>
<arg>${result_list}</arg>
<arg>${attribute}</arg>
</arguments>
<status status="PASS" starttime="20210401 10:53:24.697" endtime="20210401 10:53:24.697"></status>
</kw>
<status status="PASS" starttime="20210401 10:53:24.696" endtime="20210401 10:53:24.697"></status>
</kw>
<kw name="Evaluate" library="BuiltIn">
<doc>Evaluates the given expression in Python and returns the result.</doc>
<arguments>
<arg>${i}+1</arg>
</arguments>
<assign>
<var>${i}</var>
</assign>
<msg timestamp="20210401 10:53:24.698" level="INFO">${i} = 10</msg>
<status status="PASS" starttime="20210401 10:53:24.697" endtime="20210401 10:53:24.698"></status>
</kw>
<status status="PASS" starttime="20210401 10:53:24.690" endtime="20210401 10:53:24.698"></status>
</kw>
<kw name="${element} = &lt;selenium.webdriver.remote.webelement.WebElement (session=&quot;8d7c5dbcca83458e6b2b1bceb787905e&quot;, element=&quot;69a2be72-abb5-4bcc-81fa-d72252eec24d&quot;)&gt;" type="foritem">
<kw name="Get Element Attribute" library="Selenium2Library">
<doc>Returns the value of ``attribute`` from the element ``locator``.</doc>
<arguments>
<arg>${element}</arg>
<arg>${elements_attribute}</arg>
</arguments>
<assign>
<var>${attribute}</var>
</assign>
<msg timestamp="20210401 10:53:24.703" level="INFO">${attribute} = /detail/prodej/byt/1+kk/praha-hrdlorezy-mezilehla/2718617180</msg>
<status status="PASS" starttime="20210401 10:53:24.698" endtime="20210401 10:53:24.703"></status>
</kw>
<kw name="Run Keyword If" library="BuiltIn">
<doc>Runs the given keyword with the given arguments, if ``condition`` is true.</doc>
<arguments>
<arg>${i}&gt;=${start}</arg>
<arg>Append To List</arg>
<arg>${result_list}</arg>
<arg>${attribute}</arg>
</arguments>
<kw name="Append To List" library="Collections">
<doc>Adds ``values`` to the end of ``list``.</doc>
<arguments>
<arg>${result_list}</arg>
<arg>${attribute}</arg>
</arguments>
<status status="PASS" starttime="20210401 10:53:24.704" endtime="20210401 10:53:24.704"></status>
</kw>
<status status="PASS" starttime="20210401 10:53:24.704" endtime="20210401 10:53:24.704"></status>
</kw>
<kw name="Evaluate" library="BuiltIn">
<doc>Evaluates the given expression in Python and returns the result.</doc>
<arguments>
<arg>${i}+1</arg>
</arguments>
<assign>
<var>${i}</var>
</assign>
<msg timestamp="20210401 10:53:24.705" level="INFO">${i} = 11</msg>
<status status="PASS" starttime="20210401 10:53:24.705" endtime="20210401 10:53:24.705"></status>
</kw>
<status status="PASS" starttime="20210401 10:53:24.698" endtime="20210401 10:53:24.705"></status>
</kw>
<kw name="${element} = &lt;selenium.webdriver.remote.webelement.WebElement (session=&quot;8d7c5dbcca83458e6b2b1bceb787905e&quot;, element=&quot;1b88a8b0-b086-4680-9d8c-18173e8659e3&quot;)&gt;" type="foritem">
<kw name="Get Element Attribute" library="Selenium2Library">
<doc>Returns the value of ``attribute`` from the element ``locator``.</doc>
<arguments>
<arg>${element}</arg>
<arg>${elements_attribute}</arg>
</arguments>
<assign>
<var>${attribute}</var>
</assign>
<msg timestamp="20210401 10:53:24.709" level="INFO">${attribute} = /detail/prodej/byt/1+kk/praha-stodulky-basteckeho/1926208860</msg>
<status status="PASS" starttime="20210401 10:53:24.705" endtime="20210401 10:53:24.709"></status>
</kw>
<kw name="Run Keyword If" library="BuiltIn">
<doc>Runs the given keyword with the given arguments, if ``condition`` is true.</doc>
<arguments>
<arg>${i}&gt;=${start}</arg>
<arg>Append To List</arg>
<arg>${result_list}</arg>
<arg>${attribute}</arg>
</arguments>
<kw name="Append To List" library="Collections">
<doc>Adds ``values`` to the end of ``list``.</doc>
<arguments>
<arg>${result_list}</arg>
<arg>${attribute}</arg>
</arguments>
<status status="PASS" starttime="20210401 10:53:24.710" endtime="20210401 10:53:24.710"></status>
</kw>
<status status="PASS" starttime="20210401 10:53:24.710" endtime="20210401 10:53:24.710"></status>
</kw>
<kw name="Evaluate" library="BuiltIn">
<doc>Evaluates the given expression in Python and returns the result.</doc>
<arguments>
<arg>${i}+1</arg>
</arguments>
<assign>
<var>${i}</var>
</assign>
<msg timestamp="20210401 10:53:24.711" level="INFO">${i} = 12</msg>
<status status="PASS" starttime="20210401 10:53:24.710" endtime="20210401 10:53:24.711"></status>
</kw>
<status status="PASS" starttime="20210401 10:53:24.705" endtime="20210401 10:53:24.711"></status>
</kw>
<kw name="${element} = &lt;selenium.webdriver.remote.webelement.WebElement (session=&quot;8d7c5dbcca83458e6b2b1bceb787905e&quot;, element=&quot;19188aee-eb9b-4e47-8809-6eb501dd1f44&quot;)&gt;" type="foritem">
<kw name="Get Element Attribute" library="Selenium2Library">
<doc>Returns the value of ``attribute`` from the element ``locator``.</doc>
<arguments>
<arg>${element}</arg>
<arg>${elements_attribute}</arg>
</arguments>
<assign>
<var>${attribute}</var>
</assign>
<msg timestamp="20210401 10:53:24.716" level="INFO">${attribute} = /detail/prodej/byt/1+kk/praha-modrany-vorarska/2032684636</msg>
<status status="PASS" starttime="20210401 10:53:24.711" endtime="20210401 10:53:24.716"></status>
</kw>
<kw name="Run Keyword If" library="BuiltIn">
<doc>Runs the given keyword with the given arguments, if ``condition`` is true.</doc>
<arguments>
<arg>${i}&gt;=${start}</arg>
<arg>Append To List</arg>
<arg>${result_list}</arg>
<arg>${attribute}</arg>
</arguments>
<kw name="Append To List" library="Collections">
<doc>Adds ``values`` to the end of ``list``.</doc>
<arguments>
<arg>${result_list}</arg>
<arg>${attribute}</arg>
</arguments>
<status status="PASS" starttime="20210401 10:53:24.716" endtime="20210401 10:53:24.717"></status>
</kw>
<status status="PASS" starttime="20210401 10:53:24.716" endtime="20210401 10:53:24.717"></status>
</kw>
<kw name="Evaluate" library="BuiltIn">
<doc>Evaluates the given expression in Python and returns the result.</doc>
<arguments>
<arg>${i}+1</arg>
</arguments>
<assign>
<var>${i}</var>
</assign>
<msg timestamp="20210401 10:53:24.717" level="INFO">${i} = 13</msg>
<status status="PASS" starttime="20210401 10:53:24.717" endtime="20210401 10:53:24.717"></status>
</kw>
<status status="PASS" starttime="20210401 10:53:24.711" endtime="20210401 10:53:24.717"></status>
</kw>
<kw name="${element} = &lt;selenium.webdriver.remote.webelement.WebElement (session=&quot;8d7c5dbcca83458e6b2b1bceb787905e&quot;, element=&quot;d1d367e0-feca-47cf-843c-7b4104b90af7&quot;)&gt;" type="foritem">
<kw name="Get Element Attribute" library="Selenium2Library">
<doc>Returns the value of ``attribute`` from the element ``locator``.</doc>
<arguments>
<arg>${element}</arg>
<arg>${elements_attribute}</arg>
</arguments>
<assign>
<var>${attribute}</var>
</assign>
<msg timestamp="20210401 10:53:24.723" level="INFO">${attribute} = /detail/prodej/byt/1+kk/praha-smichov-tomkova/297561436</msg>
<status status="PASS" starttime="20210401 10:53:24.718" endtime="20210401 10:53:24.723"></status>
</kw>
<kw name="Run Keyword If" library="BuiltIn">
<doc>Runs the given keyword with the given arguments, if ``condition`` is true.</doc>
<arguments>
<arg>${i}&gt;=${start}</arg>
<arg>Append To List</arg>
<arg>${result_list}</arg>
<arg>${attribute}</arg>
</arguments>
<kw name="Append To List" library="Collections">
<doc>Adds ``values`` to the end of ``list``.</doc>
<arguments>
<arg>${result_list}</arg>
<arg>${attribute}</arg>
</arguments>
<status status="PASS" starttime="20210401 10:53:24.724" endtime="20210401 10:53:24.724"></status>
</kw>
<status status="PASS" starttime="20210401 10:53:24.724" endtime="20210401 10:53:24.724"></status>
</kw>
<kw name="Evaluate" library="BuiltIn">
<doc>Evaluates the given expression in Python and returns the result.</doc>
<arguments>
<arg>${i}+1</arg>
</arguments>
<assign>
<var>${i}</var>
</assign>
<msg timestamp="20210401 10:53:24.725" level="INFO">${i} = 14</msg>
<status status="PASS" starttime="20210401 10:53:24.724" endtime="20210401 10:53:24.725"></status>
</kw>
<status status="PASS" starttime="20210401 10:53:24.717" endtime="20210401 10:53:24.725"></status>
</kw>
<kw name="${element} = &lt;selenium.webdriver.remote.webelement.WebElement (session=&quot;8d7c5dbcca83458e6b2b1bceb787905e&quot;, element=&quot;ba59a81b-970b-4895-bf79-4ceed51bdccb&quot;)&gt;" type="foritem">
<kw name="Get Element Attribute" library="Selenium2Library">
<doc>Returns the value of ``attribute`` from the element ``locator``.</doc>
<arguments>
<arg>${element}</arg>
<arg>${elements_attribute}</arg>
</arguments>
<assign>
<var>${attribute}</var>
</assign>
<msg timestamp="20210401 10:53:24.730" level="INFO">${attribute} = /detail/prodej/byt/1+kk/praha-karlin-rohanske-nabrezi/1131871324</msg>
<status status="PASS" starttime="20210401 10:53:24.725" endtime="20210401 10:53:24.730"></status>
</kw>
<kw name="Run Keyword If" library="BuiltIn">
<doc>Runs the given keyword with the given arguments, if ``condition`` is true.</doc>
<arguments>
<arg>${i}&gt;=${start}</arg>
<arg>Append To List</arg>
<arg>${result_list}</arg>
<arg>${attribute}</arg>
</arguments>
<kw name="Append To List" library="Collections">
<doc>Adds ``values`` to the end of ``list``.</doc>
<arguments>
<arg>${result_list}</arg>
<arg>${attribute}</arg>
</arguments>
<status status="PASS" starttime="20210401 10:53:24.731" endtime="20210401 10:53:24.731"></status>
</kw>
<status status="PASS" starttime="20210401 10:53:24.731" endtime="20210401 10:53:24.731"></status>
</kw>
<kw name="Evaluate" library="BuiltIn">
<doc>Evaluates the given expression in Python and returns the result.</doc>
<arguments>
<arg>${i}+1</arg>
</arguments>
<assign>
<var>${i}</var>
</assign>
<msg timestamp="20210401 10:53:24.732" level="INFO">${i} = 15</msg>
<status status="PASS" starttime="20210401 10:53:24.732" endtime="20210401 10:53:24.732"></status>
</kw>
<status status="PASS" starttime="20210401 10:53:24.725" endtime="20210401 10:53:24.732"></status>
</kw>
<kw name="${element} = &lt;selenium.webdriver.remote.webelement.WebElement (session=&quot;8d7c5dbcca83458e6b2b1bceb787905e&quot;, element=&quot;7dff9a94-ba8f-44f2-b1ad-eb1308db5f85&quot;)&gt;" type="foritem">
<kw name="Get Element Attribute" library="Selenium2Library">
<doc>Returns the value of ``attribute`` from the element ``locator``.</doc>
<arguments>
<arg>${element}</arg>
<arg>${elements_attribute}</arg>
</arguments>
<assign>
<var>${attribute}</var>
</assign>
<msg timestamp="20210401 10:53:24.737" level="INFO">${attribute} = /detail/prodej/byt/1+kk/praha-malesice-karanska/3016764764</msg>
<status status="PASS" starttime="20210401 10:53:24.732" endtime="20210401 10:53:24.737"></status>
</kw>
<kw name="Run Keyword If" library="BuiltIn">
<doc>Runs the given keyword with the given arguments, if ``condition`` is true.</doc>
<arguments>
<arg>${i}&gt;=${start}</arg>
<arg>Append To List</arg>
<arg>${result_list}</arg>
<arg>${attribute}</arg>
</arguments>
<kw name="Append To List" library="Collections">
<doc>Adds ``values`` to the end of ``list``.</doc>
<arguments>
<arg>${result_list}</arg>
<arg>${attribute}</arg>
</arguments>
<status status="PASS" starttime="20210401 10:53:24.738" endtime="20210401 10:53:24.738"></status>
</kw>
<status status="PASS" starttime="20210401 10:53:24.738" endtime="20210401 10:53:24.738"></status>
</kw>
<kw name="Evaluate" library="BuiltIn">
<doc>Evaluates the given expression in Python and returns the result.</doc>
<arguments>
<arg>${i}+1</arg>
</arguments>
<assign>
<var>${i}</var>
</assign>
<msg timestamp="20210401 10:53:24.739" level="INFO">${i} = 16</msg>
<status status="PASS" starttime="20210401 10:53:24.738" endtime="20210401 10:53:24.739"></status>
</kw>
<status status="PASS" starttime="20210401 10:53:24.732" endtime="20210401 10:53:24.739"></status>
</kw>
<kw name="${element} = &lt;selenium.webdriver.remote.webelement.WebElement (session=&quot;8d7c5dbcca83458e6b2b1bceb787905e&quot;, element=&quot;dbd04726-7c60-41a9-8179-defbd58236d8&quot;)&gt;" type="foritem">
<kw name="Get Element Attribute" library="Selenium2Library">
<doc>Returns the value of ``attribute`` from the element ``locator``.</doc>
<arguments>
<arg>${element}</arg>
<arg>${elements_attribute}</arg>
</arguments>
<assign>
<var>${attribute}</var>
</assign>
<msg timestamp="20210401 10:53:24.744" level="INFO">${attribute} = /detail/prodej/byt/1+kk/praha-vinohrady-spanelska/10424156</msg>
<status status="PASS" starttime="20210401 10:53:24.739" endtime="20210401 10:53:24.744"></status>
</kw>
<kw name="Run Keyword If" library="BuiltIn">
<doc>Runs the given keyword with the given arguments, if ``condition`` is true.</doc>
<arguments>
<arg>${i}&gt;=${start}</arg>
<arg>Append To List</arg>
<arg>${result_list}</arg>
<arg>${attribute}</arg>
</arguments>
<kw name="Append To List" library="Collections">
<doc>Adds ``values`` to the end of ``list``.</doc>
<arguments>
<arg>${result_list}</arg>
<arg>${attribute}</arg>
</arguments>
<status status="PASS" starttime="20210401 10:53:24.744" endtime="20210401 10:53:24.745"></status>
</kw>
<status status="PASS" starttime="20210401 10:53:24.744" endtime="20210401 10:53:24.745"></status>
</kw>
<kw name="Evaluate" library="BuiltIn">
<doc>Evaluates the given expression in Python and returns the result.</doc>
<arguments>
<arg>${i}+1</arg>
</arguments>
<assign>
<var>${i}</var>
</assign>
<msg timestamp="20210401 10:53:24.745" level="INFO">${i} = 17</msg>
<status status="PASS" starttime="20210401 10:53:24.745" endtime="20210401 10:53:24.745"></status>
</kw>
<status status="PASS" starttime="20210401 10:53:24.739" endtime="20210401 10:53:24.746"></status>
</kw>
<kw name="${element} = &lt;selenium.webdriver.remote.webelement.WebElement (session=&quot;8d7c5dbcca83458e6b2b1bceb787905e&quot;, element=&quot;356439bf-311f-46c1-bd3a-7d3cda23bcf9&quot;)&gt;" type="foritem">
<kw name="Get Element Attribute" library="Selenium2Library">
<doc>Returns the value of ``attribute`` from the element ``locator``.</doc>
<arguments>
<arg>${element}</arg>
<arg>${elements_attribute}</arg>
</arguments>
<assign>
<var>${attribute}</var>
</assign>
<msg timestamp="20210401 10:53:24.761" level="INFO">${attribute} = /detail/prodej/byt/1+kk/praha-nove-mesto-jecna/50007388</msg>
<status status="PASS" starttime="20210401 10:53:24.746" endtime="20210401 10:53:24.761"></status>
</kw>
<kw name="Run Keyword If" library="BuiltIn">
<doc>Runs the given keyword with the given arguments, if ``condition`` is true.</doc>
<arguments>
<arg>${i}&gt;=${start}</arg>
<arg>Append To List</arg>
<arg>${result_list}</arg>
<arg>${attribute}</arg>
</arguments>
<kw name="Append To List" library="Collections">
<doc>Adds ``values`` to the end of ``list``.</doc>
<arguments>
<arg>${result_list}</arg>
<arg>${attribute}</arg>
</arguments>
<status status="PASS" starttime="20210401 10:53:24.762" endtime="20210401 10:53:24.762"></status>
</kw>
<status status="PASS" starttime="20210401 10:53:24.761" endtime="20210401 10:53:24.762"></status>
</kw>
<kw name="Evaluate" library="BuiltIn">
<doc>Evaluates the given expression in Python and returns the result.</doc>
<arguments>
<arg>${i}+1</arg>
</arguments>
<assign>
<var>${i}</var>
</assign>
<msg timestamp="20210401 10:53:24.763" level="INFO">${i} = 18</msg>
<status status="PASS" starttime="20210401 10:53:24.762" endtime="20210401 10:53:24.763"></status>
</kw>
<status status="PASS" starttime="20210401 10:53:24.746" endtime="20210401 10:53:24.763"></status>
</kw>
<kw name="${element} = &lt;selenium.webdriver.remote.webelement.WebElement (session=&quot;8d7c5dbcca83458e6b2b1bceb787905e&quot;, element=&quot;bf2e3a31-8d31-4be3-9107-610057a02a21&quot;)&gt;" type="foritem">
<kw name="Get Element Attribute" library="Selenium2Library">
<doc>Returns the value of ``attribute`` from the element ``locator``.</doc>
<arguments>
<arg>${element}</arg>
<arg>${elements_attribute}</arg>
</arguments>
<assign>
<var>${attribute}</var>
</assign>
<msg timestamp="20210401 10:53:24.768" level="INFO">${attribute} = /detail/prodej/byt/1+kk/praha-nove-mesto-jecna/449514844</msg>
<status status="PASS" starttime="20210401 10:53:24.763" endtime="20210401 10:53:24.768"></status>
</kw>
<kw name="Run Keyword If" library="BuiltIn">
<doc>Runs the given keyword with the given arguments, if ``condition`` is true.</doc>
<arguments>
<arg>${i}&gt;=${start}</arg>
<arg>Append To List</arg>
<arg>${result_list}</arg>
<arg>${attribute}</arg>
</arguments>
<kw name="Append To List" library="Collections">
<doc>Adds ``values`` to the end of ``list``.</doc>
<arguments>
<arg>${result_list}</arg>
<arg>${attribute}</arg>
</arguments>
<status status="PASS" starttime="20210401 10:53:24.769" endtime="20210401 10:53:24.769"></status>
</kw>
<status status="PASS" starttime="20210401 10:53:24.768" endtime="20210401 10:53:24.769"></status>
</kw>
<kw name="Evaluate" library="BuiltIn">
<doc>Evaluates the given expression in Python and returns the result.</doc>
<arguments>
<arg>${i}+1</arg>
</arguments>
<assign>
<var>${i}</var>
</assign>
<msg timestamp="20210401 10:53:24.770" level="INFO">${i} = 19</msg>
<status status="PASS" starttime="20210401 10:53:24.769" endtime="20210401 10:53:24.770"></status>
</kw>
<status status="PASS" starttime="20210401 10:53:24.763" endtime="20210401 10:53:24.770"></status>
</kw>
<kw name="${element} = &lt;selenium.webdriver.remote.webelement.WebElement (session=&quot;8d7c5dbcca83458e6b2b1bceb787905e&quot;, element=&quot;b834ebd9-fcb3-4fa3-a230-f1d0c1206e72&quot;)&gt;" type="foritem">
<kw name="Get Element Attribute" library="Selenium2Library">
<doc>Returns the value of ``attribute`` from the element ``locator``.</doc>
<arguments>
<arg>${element}</arg>
<arg>${elements_attribute}</arg>
</arguments>
<assign>
<var>${attribute}</var>
</assign>
<msg timestamp="20210401 10:53:24.775" level="INFO">${attribute} = /detail/prodej/byt/1+kk/praha-vinohrady-zahrebska/649428060</msg>
<status status="PASS" starttime="20210401 10:53:24.770" endtime="20210401 10:53:24.775"></status>
</kw>
<kw name="Run Keyword If" library="BuiltIn">
<doc>Runs the given keyword with the given arguments, if ``condition`` is true.</doc>
<arguments>
<arg>${i}&gt;=${start}</arg>
<arg>Append To List</arg>
<arg>${result_list}</arg>
<arg>${attribute}</arg>
</arguments>
<kw name="Append To List" library="Collections">
<doc>Adds ``values`` to the end of ``list``.</doc>
<arguments>
<arg>${result_list}</arg>
<arg>${attribute}</arg>
</arguments>
<status status="PASS" starttime="20210401 10:53:24.775" endtime="20210401 10:53:24.776"></status>
</kw>
<status status="PASS" starttime="20210401 10:53:24.775" endtime="20210401 10:53:24.776"></status>
</kw>
<kw name="Evaluate" library="BuiltIn">
<doc>Evaluates the given expression in Python and returns the result.</doc>
<arguments>
<arg>${i}+1</arg>
</arguments>
<assign>
<var>${i}</var>
</assign>
<msg timestamp="20210401 10:53:24.776" level="INFO">${i} = 20</msg>
<status status="PASS" starttime="20210401 10:53:24.776" endtime="20210401 10:53:24.776"></status>
</kw>
<status status="PASS" starttime="20210401 10:53:24.770" endtime="20210401 10:53:24.776"></status>
</kw>
<kw name="${element} = &lt;selenium.webdriver.remote.webelement.WebElement (session=&quot;8d7c5dbcca83458e6b2b1bceb787905e&quot;, element=&quot;ea68de04-0fe1-4735-a3fb-c1481859ead6&quot;)&gt;" type="foritem">
<kw name="Get Element Attribute" library="Selenium2Library">
<doc>Returns the value of ``attribute`` from the element ``locator``.</doc>
<arguments>
<arg>${element}</arg>
<arg>${elements_attribute}</arg>
</arguments>
<assign>
<var>${attribute}</var>
</assign>
<msg timestamp="20210401 10:53:24.781" level="INFO">${attribute} = /detail/prodej/byt/1+kk/praha-vinohrady-zahrebska/897940572</msg>
<status status="PASS" starttime="20210401 10:53:24.777" endtime="20210401 10:53:24.781"></status>
</kw>
<kw name="Run Keyword If" library="BuiltIn">
<doc>Runs the given keyword with the given arguments, if ``condition`` is true.</doc>
<arguments>
<arg>${i}&gt;=${start}</arg>
<arg>Append To List</arg>
<arg>${result_list}</arg>
<arg>${attribute}</arg>
</arguments>
<kw name="Append To List" library="Collections">
<doc>Adds ``values`` to the end of ``list``.</doc>
<arguments>
<arg>${result_list}</arg>
<arg>${attribute}</arg>
</arguments>
<status status="PASS" starttime="20210401 10:53:24.782" endtime="20210401 10:53:24.783"></status>
</kw>
<status status="PASS" starttime="20210401 10:53:24.782" endtime="20210401 10:53:24.783"></status>
</kw>
<kw name="Evaluate" library="BuiltIn">
<doc>Evaluates the given expression in Python and returns the result.</doc>
<arguments>
<arg>${i}+1</arg>
</arguments>
<assign>
<var>${i}</var>
</assign>
<msg timestamp="20210401 10:53:24.783" level="INFO">${i} = 21</msg>
<status status="PASS" starttime="20210401 10:53:24.783" endtime="20210401 10:53:24.783"></status>
</kw>
<status status="PASS" starttime="20210401 10:53:24.776" endtime="20210401 10:53:24.784"></status>
</kw>
<status status="PASS" starttime="20210401 10:53:24.620" endtime="20210401 10:53:24.784"></status>
</kw>
<msg timestamp="20210401 10:53:24.784" level="INFO">${midresult_list} = ['/detail/prodej/byt/1+kk/praha-vrsovice-na-spojce/1597705564', '/detail/prodej/byt/1+kk/praha-karlin-rohanske-nabrezi/3275226204', '/detail/prodej/byt/1+kk/praha-liben-cervena-ban/1417702748', '/deta...</msg>
<status status="PASS" starttime="20210401 10:53:24.607" endtime="20210401 10:53:24.784"></status>
</kw>
<kw name="Combine Lists" library="Collections">
<doc>Combines the given ``lists`` together and returns the result.</doc>
<arguments>
<arg>${result_list}</arg>
<arg>${midresult_list}</arg>
</arguments>
<assign>
<var>${result_list}</var>
</assign>
<msg timestamp="20210401 10:53:24.784" level="INFO">${result_list} = ['/detail/prodej/byt/1+kk/praha-vrsovice-na-spojce/1597705564', '/detail/prodej/byt/1+kk/praha-karlin-rohanske-nabrezi/3275226204', '/detail/prodej/byt/1+kk/praha-liben-cervena-ban/1417702748', '/deta...</msg>
<status status="PASS" starttime="20210401 10:53:24.784" endtime="20210401 10:53:24.784"></status>
</kw>
<kw name="Exit For Loop If" library="BuiltIn">
<doc>Stops executing the enclosing for loop if the ``condition`` is true.</doc>
<arguments>
<arg>${n} == ${max}</arg>
</arguments>
<msg timestamp="20210401 10:53:24.785" level="INFO">Exiting for loop altogether.</msg>
<status status="PASS" starttime="20210401 10:53:24.785" endtime="20210401 10:53:24.785"></status>
</kw>
<status status="PASS" starttime="20210401 10:53:23.363" endtime="20210401 10:53:24.785"></status>
</kw>
<status status="PASS" starttime="20210401 10:53:23.363" endtime="20210401 10:53:24.785"></status>
</kw>
<kw name="Remove Duplicates" library="Collections">
<doc>Returns a list without duplicates based on the given ``list``.</doc>
<arguments>
<arg>${result_list}</arg>
</arguments>
<assign>
<var>${result_list}</var>
</assign>
<msg timestamp="20210401 10:53:24.786" level="INFO">0 duplicates removed.</msg>
<msg timestamp="20210401 10:53:24.786" level="INFO">${result_list} = ['/detail/prodej/byt/1+kk/praha-vrsovice-na-spojce/1597705564', '/detail/prodej/byt/1+kk/praha-karlin-rohanske-nabrezi/3275226204', '/detail/prodej/byt/1+kk/praha-liben-cervena-ban/1417702748', '/deta...</msg>
<status status="PASS" starttime="20210401 10:53:24.785" endtime="20210401 10:53:24.786"></status>
</kw>
<msg timestamp="20210401 10:53:24.786" level="INFO">${search_list} = ['/detail/prodej/byt/1+kk/praha-vrsovice-na-spojce/1597705564', '/detail/prodej/byt/1+kk/praha-karlin-rohanske-nabrezi/3275226204', '/detail/prodej/byt/1+kk/praha-liben-cervena-ban/1417702748', '/deta...</msg>
<status status="PASS" starttime="20210401 10:53:20.546" endtime="20210401 10:53:24.786"></status>
</kw>
<kw name="Log List" library="Collections">
<doc>Logs the length and contents of the ``list`` using given ``level``.</doc>
<arguments>
<arg>${search_list}</arg>
</arguments>
<msg timestamp="20210401 10:53:24.787" level="INFO">List length is 20 and it contains following items:
0: /detail/prodej/byt/1+kk/praha-vrsovice-na-spojce/1597705564
1: /detail/prodej/byt/1+kk/praha-karlin-rohanske-nabrezi/3275226204
2: /detail/prodej/byt/1+kk/praha-liben-cervena-ban/1417702748
3: /detail/prodej/byt/1+kk/praha-liben-cervena-ban/3098570076
4: /detail/prodej/byt/1+kk/praha-zabehlice-zabehlicka/1672183132
5: /detail/prodej/byt/1+kk/praha-michle-michelska/2161896540
6: /detail/prodej/byt/1+kk/praha-hlubocepy-baarove/2557865308
7: /detail/prodej/byt/1+kk/praha-holesovice-u-pergamenky/2759245148
8: /detail/prodej/byt/1+kk/praha-karlin-u-sluncove/3647786332
9: /detail/prodej/byt/1+kk/praha-hrdlorezy-mezilehla/2718617180
10: /detail/prodej/byt/1+kk/praha-stodulky-basteckeho/1926208860
11: /detail/prodej/byt/1+kk/praha-modrany-vorarska/2032684636
12: /detail/prodej/byt/1+kk/praha-smichov-tomkova/297561436
13: /detail/prodej/byt/1+kk/praha-karlin-rohanske-nabrezi/1131871324
14: /detail/prodej/byt/1+kk/praha-malesice-karanska/3016764764
15: /detail/prodej/byt/1+kk/praha-vinohrady-spanelska/10424156
16: /detail/prodej/byt/1+kk/praha-nove-mesto-jecna/50007388
17: /detail/prodej/byt/1+kk/praha-nove-mesto-jecna/449514844
18: /detail/prodej/byt/1+kk/praha-vinohrady-zahrebska/649428060
19: /detail/prodej/byt/1+kk/praha-vinohrady-zahrebska/897940572</msg>
<status status="PASS" starttime="20210401 10:53:24.786" endtime="20210401 10:53:24.787"></status>
</kw>
<kw name="Iterate Pages from List and Return Variables" library="keywords">
<arguments>
<arg>${search_list}</arg>
</arguments>
<assign>
<var>${variable_list}</var>
</assign>
<kw name="Create List" library="BuiltIn">
<doc>Returns a list containing given items.</doc>
<assign>
<var>${property_list}</var>
</assign>
<msg timestamp="20210401 10:53:24.788" level="INFO">${property_list} = []</msg>
<status status="PASS" starttime="20210401 10:53:24.787" endtime="20210401 10:53:24.788"></status>
</kw>
<kw name="Append To List" library="Collections">
<doc>Adds ``values`` to the end of ``list``.</doc>
<arguments>
<arg>${property_list}</arg>
<arg>${property_variables_names}</arg>
</arguments>
<status status="PASS" starttime="20210401 10:53:24.788" endtime="20210401 10:53:24.788"></status>
</kw>
<kw name="${search} IN [ @{search_list} ]" type="for">
<kw name="${search} = /detail/prodej/byt/1+kk/praha-vrsovice-na-spojce/1597705564" type="foritem">
<kw name="Catenate" library="BuiltIn">
<doc>Catenates the given items together and returns the resulted string.</doc>
<arguments>
<arg>SEPARATOR=</arg>
<arg>${url}</arg>
<arg>${search}</arg>
</arguments>
<assign>
<var>${search_url}</var>
</assign>
<msg timestamp="20210401 10:53:24.789" level="INFO">${search_url} = https://www.sreality.cz/detail/prodej/byt/1+kk/praha-vrsovice-na-spojce/1597705564</msg>
<status status="PASS" starttime="20210401 10:53:24.789" endtime="20210401 10:53:24.789"></status>
</kw>
<kw name="Go To" library="Selenium2Library">
<doc>Navigates the current browser window to the provided ``url``.</doc>
<arguments>
<arg>${search_url}</arg>
</arguments>
<msg timestamp="20210401 10:53:24.789" level="INFO">Opening url 'https://www.sreality.cz/detail/prodej/byt/1+kk/praha-vrsovice-na-spojce/1597705564'</msg>
<status status="PASS" starttime="20210401 10:53:24.789" endtime="20210401 10:53:27.073"></status>
</kw>
<kw name="Wait Until Page Contains Element" library="Selenium2Library">
<doc>Waits until the element ``locator`` appears on the current page.</doc>
<arguments>
<arg>${property_assert_css}</arg>
</arguments>
<status status="PASS" starttime="20210401 10:53:27.074" endtime="20210401 10:53:27.085"></status>
</kw>
<kw name="Iterate Variables and Return List" library="keywords">
<arguments>
<arg>${property_variables_css}</arg>
</arguments>
<assign>
<var>${variables_list}</var>
</assign>
<kw name="Create List" library="BuiltIn">
<doc>Returns a list containing given items.</doc>
<assign>
<var>${variables_list}</var>
</assign>
<msg timestamp="20210401 10:53:27.086" level="INFO">${variables_list} = []</msg>
<status status="PASS" starttime="20210401 10:53:27.086" endtime="20210401 10:53:27.087"></status>
</kw>
<kw name="${variable_tag} IN [ @{variables_tags_list} ]" type="for">
<kw name="${variable_tag} = css:.property-title .name" type="foritem">
<kw name="Get Text" library="Selenium2Library">
<doc>Returns the text value of the element identified by ``locator``.</doc>
<arguments>
<arg>${variable_tag}</arg>
</arguments>
<assign>
<var>${text}</var>
</assign>
<msg timestamp="20210401 10:53:27.112" level="INFO">${text} = Prodej bytu 1+kk 30 m²</msg>
<status status="PASS" starttime="20210401 10:53:27.088" endtime="20210401 10:53:27.113"></status>
</kw>
<kw name="Append To List" library="Collections">
<doc>Adds ``values`` to the end of ``list``.</doc>
<arguments>
<arg>${variables_list}</arg>
<arg>${text}</arg>
</arguments>
<status status="PASS" starttime="20210401 10:53:27.113" endtime="20210401 10:53:27.113"></status>
</kw>
<status status="PASS" starttime="20210401 10:53:27.087" endtime="20210401 10:53:27.114"></status>
</kw>
<kw name="${variable_tag} = css:.property-title .location-text" type="foritem">
<kw name="Get Text" library="Selenium2Library">
<doc>Returns the text value of the element identified by ``locator``.</doc>
<arguments>
<arg>${variable_tag}</arg>
</arguments>
<assign>
<var>${text}</var>
</assign>
<msg timestamp="20210401 10:53:27.136" level="INFO">${text} = Na spojce, Praha 10 - Vršovice</msg>
<status status="PASS" starttime="20210401 10:53:27.114" endtime="20210401 10:53:27.136"></status>
</kw>
<kw name="Append To List" library="Collections">
<doc>Adds ``values`` to the end of ``list``.</doc>
<arguments>
<arg>${variables_list}</arg>
<arg>${text}</arg>
</arguments>
<status status="PASS" starttime="20210401 10:53:27.136" endtime="20210401 10:53:27.136"></status>
</kw>
<status status="PASS" starttime="20210401 10:53:27.114" endtime="20210401 10:53:27.136"></status>
</kw>
<kw name="${variable_tag} = css:.property-title .norm-price" type="foritem">
<kw name="Get Text" library="Selenium2Library">
<doc>Returns the text value of the element identified by ``locator``.</doc>
<arguments>
<arg>${variable_tag}</arg>
</arguments>
<assign>
<var>${text}</var>
</assign>
<msg timestamp="20210401 10:53:27.157" level="INFO">${text} = 3 490 000 Kč</msg>
<status status="PASS" starttime="20210401 10:53:27.137" endtime="20210401 10:53:27.157"></status>
</kw>
<kw name="Append To List" library="Collections">
<doc>Adds ``values`` to the end of ``list``.</doc>
<arguments>
<arg>${variables_list}</arg>
<arg>${text}</arg>
</arguments>
<status status="PASS" starttime="20210401 10:53:27.157" endtime="20210401 10:53:27.158"></status>
</kw>
<status status="PASS" starttime="20210401 10:53:27.137" endtime="20210401 10:53:27.158"></status>
</kw>
<status status="PASS" starttime="20210401 10:53:27.087" endtime="20210401 10:53:27.158"></status>
</kw>
<msg timestamp="20210401 10:53:27.158" level="INFO">${variables_list} = ['Prodej bytu 1+kk 30 m²', 'Na spojce, Praha 10 - Vršovice', '3 490 000 Kč']</msg>
<status status="PASS" starttime="20210401 10:53:27.085" endtime="20210401 10:53:27.158"></status>
</kw>
<kw name="Append To List" library="Collections">
<doc>Adds ``values`` to the end of ``list``.</doc>
<arguments>
<arg>${variables_list}</arg>
<arg>${search_url}</arg>
</arguments>
<status status="PASS" starttime="20210401 10:53:27.158" endtime="20210401 10:53:27.159"></status>
</kw>
<kw name="Append To List" library="Collections">
<doc>Adds ``values`` to the end of ``list``.</doc>
<arguments>
<arg>${property_list}</arg>
<arg>${variables_list}</arg>
</arguments>
<status status="PASS" starttime="20210401 10:53:27.159" endtime="20210401 10:53:27.159"></status>
</kw>
<status status="PASS" starttime="20210401 10:53:24.788" endtime="20210401 10:53:27.159"></status>
</kw>
<kw name="${search} = /detail/prodej/byt/1+kk/praha-karlin-rohanske-nabrezi/3275226204" type="foritem">
<kw name="Catenate" library="BuiltIn">
<doc>Catenates the given items together and returns the resulted string.</doc>
<arguments>
<arg>SEPARATOR=</arg>
<arg>${url}</arg>
<arg>${search}</arg>
</arguments>
<assign>
<var>${search_url}</var>
</assign>
<msg timestamp="20210401 10:53:27.160" level="INFO">${search_url} = https://www.sreality.cz/detail/prodej/byt/1+kk/praha-karlin-rohanske-nabrezi/3275226204</msg>
<status status="PASS" starttime="20210401 10:53:27.159" endtime="20210401 10:53:27.160"></status>
</kw>
<kw name="Go To" library="Selenium2Library">
<doc>Navigates the current browser window to the provided ``url``.</doc>
<arguments>
<arg>${search_url}</arg>
</arguments>
<msg timestamp="20210401 10:53:27.160" level="INFO">Opening url 'https://www.sreality.cz/detail/prodej/byt/1+kk/praha-karlin-rohanske-nabrezi/3275226204'</msg>
<status status="PASS" starttime="20210401 10:53:27.160" endtime="20210401 10:53:28.399"></status>
</kw>
<kw name="Wait Until Page Contains Element" library="Selenium2Library">
<doc>Waits until the element ``locator`` appears on the current page.</doc>
<arguments>
<arg>${property_assert_css}</arg>
</arguments>
<status status="PASS" starttime="20210401 10:53:28.399" endtime="20210401 10:53:28.410"></status>
</kw>
<kw name="Iterate Variables and Return List" library="keywords">
<arguments>
<arg>${property_variables_css}</arg>
</arguments>
<assign>
<var>${variables_list}</var>
</assign>
<kw name="Create List" library="BuiltIn">
<doc>Returns a list containing given items.</doc>
<assign>
<var>${variables_list}</var>
</assign>
<msg timestamp="20210401 10:53:28.412" level="INFO">${variables_list} = []</msg>
<status status="PASS" starttime="20210401 10:53:28.411" endtime="20210401 10:53:28.412"></status>
</kw>
<kw name="${variable_tag} IN [ @{variables_tags_list} ]" type="for">
<kw name="${variable_tag} = css:.property-title .name" type="foritem">
<kw name="Get Text" library="Selenium2Library">
<doc>Returns the text value of the element identified by ``locator``.</doc>
<arguments>
<arg>${variable_tag}</arg>
</arguments>
<assign>
<var>${text}</var>
</assign>
<msg timestamp="20210401 10:53:28.433" level="INFO">${text} = Prodej bytu 1+kk 33 m²</msg>
<status status="PASS" starttime="20210401 10:53:28.412" endtime="20210401 10:53:28.433"></status>
</kw>
<kw name="Append To List" library="Collections">
<doc>Adds ``values`` to the end of ``list``.</doc>
<arguments>
<arg>${variables_list}</arg>
<arg>${text}</arg>
</arguments>
<status status="PASS" starttime="20210401 10:53:28.433" endtime="20210401 10:53:28.434"></status>
</kw>
<status status="PASS" starttime="20210401 10:53:28.412" endtime="20210401 10:53:28.434"></status>
</kw>
<kw name="${variable_tag} = css:.property-title .location-text" type="foritem">
<kw name="Get Text" library="Selenium2Library">
<doc>Returns the text value of the element identified by ``locator``.</doc>
<arguments>
<arg>${variable_tag}</arg>
</arguments>
<assign>
<var>${text}</var>
</assign>
<msg timestamp="20210401 10:53:28.451" level="INFO">${text} = Rohanské nábřeží, Praha - Karlín</msg>
<status status="PASS" starttime="20210401 10:53:28.434" endtime="20210401 10:53:28.452"></status>
</kw>
<kw name="Append To List" library="Collections">
<doc>Adds ``values`` to the end of ``list``.</doc>
<arguments>
<arg>${variables_list}</arg>
<arg>${text}</arg>
</arguments>
<status status="PASS" starttime="20210401 10:53:28.452" endtime="20210401 10:53:28.452"></status>
</kw>
<status status="PASS" starttime="20210401 10:53:28.434" endtime="20210401 10:53:28.452"></status>
</kw>
<kw name="${variable_tag} = css:.property-title .norm-price" type="foritem">
<kw name="Get Text" library="Selenium2Library">
<doc>Returns the text value of the element identified by ``locator``.</doc>
<arguments>
<arg>${variable_tag}</arg>
</arguments>
<assign>
<var>${text}</var>
</assign>
<msg timestamp="20210401 10:53:28.472" level="INFO">${text} = 5 261 000 Kč</msg>
<status status="PASS" starttime="20210401 10:53:28.452" endtime="20210401 10:53:28.472"></status>
</kw>
<kw name="Append To List" library="Collections">
<doc>Adds ``values`` to the end of ``list``.</doc>
<arguments>
<arg>${variables_list}</arg>
<arg>${text}</arg>
</arguments>
<status status="PASS" starttime="20210401 10:53:28.472" endtime="20210401 10:53:28.473"></status>
</kw>
<status status="PASS" starttime="20210401 10:53:28.452" endtime="20210401 10:53:28.473"></status>
</kw>
<status status="PASS" starttime="20210401 10:53:28.412" endtime="20210401 10:53:28.473"></status>
</kw>
<msg timestamp="20210401 10:53:28.473" level="INFO">${variables_list} = ['Prodej bytu 1+kk 33 m²', 'Rohanské nábřeží, Praha - Karlín', '5 261 000 Kč']</msg>
<status status="PASS" starttime="20210401 10:53:28.411" endtime="20210401 10:53:28.473"></status>
</kw>
<kw name="Append To List" library="Collections">
<doc>Adds ``values`` to the end of ``list``.</doc>
<arguments>
<arg>${variables_list}</arg>
<arg>${search_url}</arg>
</arguments>
<status status="PASS" starttime="20210401 10:53:28.473" endtime="20210401 10:53:28.474"></status>
</kw>
<kw name="Append To List" library="Collections">
<doc>Adds ``values`` to the end of ``list``.</doc>
<arguments>
<arg>${property_list}</arg>
<arg>${variables_list}</arg>
</arguments>
<status status="PASS" starttime="20210401 10:53:28.474" endtime="20210401 10:53:28.474"></status>
</kw>
<status status="PASS" starttime="20210401 10:53:27.159" endtime="20210401 10:53:28.474"></status>
</kw>
<kw name="${search} = /detail/prodej/byt/1+kk/praha-liben-cervena-ban/1417702748" type="foritem">
<kw name="Catenate" library="BuiltIn">
<doc>Catenates the given items together and returns the resulted string.</doc>
<arguments>
<arg>SEPARATOR=</arg>
<arg>${url}</arg>
<arg>${search}</arg>
</arguments>
<assign>
<var>${search_url}</var>
</assign>
<msg timestamp="20210401 10:53:28.475" level="INFO">${search_url} = https://www.sreality.cz/detail/prodej/byt/1+kk/praha-liben-cervena-ban/1417702748</msg>
<status status="PASS" starttime="20210401 10:53:28.475" endtime="20210401 10:53:28.475"></status>
</kw>
<kw name="Go To" library="Selenium2Library">
<doc>Navigates the current browser window to the provided ``url``.</doc>
<arguments>
<arg>${search_url}</arg>
</arguments>
<msg timestamp="20210401 10:53:28.475" level="INFO">Opening url 'https://www.sreality.cz/detail/prodej/byt/1+kk/praha-liben-cervena-ban/1417702748'</msg>
<status status="PASS" starttime="20210401 10:53:28.475" endtime="20210401 10:53:28.766"></status>
</kw>
<kw name="Wait Until Page Contains Element" library="Selenium2Library">
<doc>Waits until the element ``locator`` appears on the current page.</doc>
<arguments>
<arg>${property_assert_css}</arg>
</arguments>
<status status="PASS" starttime="20210401 10:53:28.766" endtime="20210401 10:53:29.084"></status>
</kw>
<kw name="Iterate Variables and Return List" library="keywords">
<arguments>
<arg>${property_variables_css}</arg>
</arguments>
<assign>
<var>${variables_list}</var>
</assign>
<kw name="Create List" library="BuiltIn">
<doc>Returns a list containing given items.</doc>
<assign>
<var>${variables_list}</var>
</assign>
<msg timestamp="20210401 10:53:29.085" level="INFO">${variables_list} = []</msg>
<status status="PASS" starttime="20210401 10:53:29.085" endtime="20210401 10:53:29.085"></status>
</kw>
<kw name="${variable_tag} IN [ @{variables_tags_list} ]" type="for">
<kw name="${variable_tag} = css:.property-title .name" type="foritem">
<kw name="Get Text" library="Selenium2Library">
<doc>Returns the text value of the element identified by ``locator``.</doc>
<arguments>
<arg>${variable_tag}</arg>
</arguments>
<assign>
<var>${text}</var>
</assign>
<msg timestamp="20210401 10:53:29.117" level="INFO">${text} = Prodej bytu 1+kk 28 m²</msg>
<status status="PASS" starttime="20210401 10:53:29.086" endtime="20210401 10:53:29.118"></status>
</kw>
<kw name="Append To List" library="Collections">
<doc>Adds ``values`` to the end of ``list``.</doc>
<arguments>
<arg>${variables_list}</arg>
<arg>${text}</arg>
</arguments>
<status status="PASS" starttime="20210401 10:53:29.118" endtime="20210401 10:53:29.118"></status>
</kw>
<status status="PASS" starttime="20210401 10:53:29.086" endtime="20210401 10:53:29.118"></status>
</kw>
<kw name="${variable_tag} = css:.property-title .location-text" type="foritem">
<kw name="Get Text" library="Selenium2Library">
<doc>Returns the text value of the element identified by ``locator``.</doc>
<arguments>
<arg>${variable_tag}</arg>
</arguments>
<assign>
<var>${text}</var>
</assign>
<msg timestamp="20210401 10:53:29.139" level="INFO">${text} = Červená báň, Praha - Libeň</msg>
<status status="PASS" starttime="20210401 10:53:29.119" endtime="20210401 10:53:29.140"></status>
</kw>
<kw name="Append To List" library="Collections">
<doc>Adds ``values`` to the end of ``list``.</doc>
<arguments>
<arg>${variables_list}</arg>
<arg>${text}</arg>
</arguments>
<status status="PASS" starttime="20210401 10:53:29.140" endtime="20210401 10:53:29.140"></status>
</kw>
<status status="PASS" starttime="20210401 10:53:29.118" endtime="20210401 10:53:29.140"></status>
</kw>
<kw name="${variable_tag} = css:.property-title .norm-price" type="foritem">
<kw name="Get Text" library="Selenium2Library">
<doc>Returns the text value of the element identified by ``locator``.</doc>
<arguments>
<arg>${variable_tag}</arg>
</arguments>
<assign>
<var>${text}</var>
</assign>
<msg timestamp="20210401 10:53:29.159" level="INFO">${text} = 3 961 064 Kč</msg>
<status status="PASS" starttime="20210401 10:53:29.141" endtime="20210401 10:53:29.160"></status>
</kw>
<kw name="Append To List" library="Collections">
<doc>Adds ``values`` to the end of ``list``.</doc>
<arguments>
<arg>${variables_list}</arg>
<arg>${text}</arg>
</arguments>
<status status="PASS" starttime="20210401 10:53:29.160" endtime="20210401 10:53:29.160"></status>
</kw>
<status status="PASS" starttime="20210401 10:53:29.140" endtime="20210401 10:53:29.160"></status>
</kw>
<status status="PASS" starttime="20210401 10:53:29.085" endtime="20210401 10:53:29.160"></status>
</kw>
<msg timestamp="20210401 10:53:29.160" level="INFO">${variables_list} = ['Prodej bytu 1+kk 28 m²', 'Červená báň, Praha - Libeň', '3 961 064 Kč']</msg>
<status status="PASS" starttime="20210401 10:53:29.084" endtime="20210401 10:53:29.161"></status>
</kw>
<kw name="Append To List" library="Collections">
<doc>Adds ``values`` to the end of ``list``.</doc>
<arguments>
<arg>${variables_list}</arg>
<arg>${search_url}</arg>
</arguments>
<status status="PASS" starttime="20210401 10:53:29.161" endtime="20210401 10:53:29.161"></status>
</kw>
<kw name="Append To List" library="Collections">
<doc>Adds ``values`` to the end of ``list``.</doc>
<arguments>
<arg>${property_list}</arg>
<arg>${variables_list}</arg>
</arguments>
<status status="PASS" starttime="20210401 10:53:29.161" endtime="20210401 10:53:29.161"></status>
</kw>
<status status="PASS" starttime="20210401 10:53:28.474" endtime="20210401 10:53:29.161"></status>
</kw>
<kw name="${search} = /detail/prodej/byt/1+kk/praha-liben-cervena-ban/3098570076" type="foritem">
<kw name="Catenate" library="BuiltIn">
<doc>Catenates the given items together and returns the resulted string.</doc>
<arguments>
<arg>SEPARATOR=</arg>
<arg>${url}</arg>
<arg>${search}</arg>
</arguments>
<assign>
<var>${search_url}</var>
</assign>
<msg timestamp="20210401 10:53:29.162" level="INFO">${search_url} = https://www.sreality.cz/detail/prodej/byt/1+kk/praha-liben-cervena-ban/3098570076</msg>
<status status="PASS" starttime="20210401 10:53:29.162" endtime="20210401 10:53:29.162"></status>
</kw>
<kw name="Go To" library="Selenium2Library">
<doc>Navigates the current browser window to the provided ``url``.</doc>
<arguments>
<arg>${search_url}</arg>
</arguments>
<msg timestamp="20210401 10:53:29.162" level="INFO">Opening url 'https://www.sreality.cz/detail/prodej/byt/1+kk/praha-liben-cervena-ban/3098570076'</msg>
<status status="PASS" starttime="20210401 10:53:29.162" endtime="20210401 10:53:29.456"></status>
</kw>
<kw name="Wait Until Page Contains Element" library="Selenium2Library">
<doc>Waits until the element ``locator`` appears on the current page.</doc>
<arguments>
<arg>${property_assert_css}</arg>
</arguments>
<status status="PASS" starttime="20210401 10:53:29.456" endtime="20210401 10:53:29.704"></status>
</kw>
<kw name="Iterate Variables and Return List" library="keywords">
<arguments>
<arg>${property_variables_css}</arg>
</arguments>
<assign>
<var>${variables_list}</var>
</assign>
<kw name="Create List" library="BuiltIn">
<doc>Returns a list containing given items.</doc>
<assign>
<var>${variables_list}</var>
</assign>
<msg timestamp="20210401 10:53:29.706" level="INFO">${variables_list} = []</msg>
<status status="PASS" starttime="20210401 10:53:29.705" endtime="20210401 10:53:29.706"></status>
</kw>
<kw name="${variable_tag} IN [ @{variables_tags_list} ]" type="for">
<kw name="${variable_tag} = css:.property-title .name" type="foritem">
<kw name="Get Text" library="Selenium2Library">
<doc>Returns the text value of the element identified by ``locator``.</doc>
<arguments>
<arg>${variable_tag}</arg>
</arguments>
<assign>
<var>${text}</var>
</assign>
<msg timestamp="20210401 10:53:29.735" level="INFO">${text} = Prodej bytu 1+kk 28 m²</msg>
<status status="PASS" starttime="20210401 10:53:29.707" endtime="20210401 10:53:29.735"></status>
</kw>
<kw name="Append To List" library="Collections">
<doc>Adds ``values`` to the end of ``list``.</doc>
<arguments>
<arg>${variables_list}</arg>
<arg>${text}</arg>
</arguments>
<status status="PASS" starttime="20210401 10:53:29.735" endtime="20210401 10:53:29.736"></status>
</kw>
<status status="PASS" starttime="20210401 10:53:29.706" endtime="20210401 10:53:29.736"></status>
</kw>
<kw name="${variable_tag} = css:.property-title .location-text" type="foritem">
<kw name="Get Text" library="Selenium2Library">
<doc>Returns the text value of the element identified by ``locator``.</doc>
<arguments>
<arg>${variable_tag}</arg>
</arguments>
<assign>
<var>${text}</var>
</assign>
<msg timestamp="20210401 10:53:29.757" level="INFO">${text} = Červená báň, Praha - Libeň</msg>
<status status="PASS" starttime="20210401 10:53:29.736" endtime="20210401 10:53:29.757"></status>
</kw>
<kw name="Append To List" library="Collections">
<doc>Adds ``values`` to the end of ``list``.</doc>
<arguments>
<arg>${variables_list}</arg>
<arg>${text}</arg>
</arguments>
<status status="PASS" starttime="20210401 10:53:29.757" endtime="20210401 10:53:29.757"></status>
</kw>
<status status="PASS" starttime="20210401 10:53:29.736" endtime="20210401 10:53:29.758"></status>
</kw>
<kw name="${variable_tag} = css:.property-title .norm-price" type="foritem">
<kw name="Get Text" library="Selenium2Library">
<doc>Returns the text value of the element identified by ``locator``.</doc>
<arguments>
<arg>${variable_tag}</arg>
</arguments>
<assign>
<var>${text}</var>
</assign>
<msg timestamp="20210401 10:53:29.773" level="INFO">${text} = 3 911 844 Kč</msg>
<status status="PASS" starttime="20210401 10:53:29.758" endtime="20210401 10:53:29.773"></status>
</kw>
<kw name="Append To List" library="Collections">
<doc>Adds ``values`` to the end of ``list``.</doc>
<arguments>
<arg>${variables_list}</arg>
<arg>${text}</arg>
</arguments>
<status status="PASS" starttime="20210401 10:53:29.773" endtime="20210401 10:53:29.773"></status>
</kw>
<status status="PASS" starttime="20210401 10:53:29.758" endtime="20210401 10:53:29.773"></status>
</kw>
<status status="PASS" starttime="20210401 10:53:29.706" endtime="20210401 10:53:29.773"></status>
</kw>
<msg timestamp="20210401 10:53:29.774" level="INFO">${variables_list} = ['Prodej bytu 1+kk 28 m²', 'Červená báň, Praha - Libeň', '3 911 844 Kč']</msg>
<status status="PASS" starttime="20210401 10:53:29.705" endtime="20210401 10:53:29.774"></status>
</kw>
<kw name="Append To List" library="Collections">
<doc>Adds ``values`` to the end of ``list``.</doc>
<arguments>
<arg>${variables_list}</arg>
<arg>${search_url}</arg>
</arguments>
<status status="PASS" starttime="20210401 10:53:29.774" endtime="20210401 10:53:29.774"></status>
</kw>
<kw name="Append To List" library="Collections">
<doc>Adds ``values`` to the end of ``list``.</doc>
<arguments>
<arg>${property_list}</arg>
<arg>${variables_list}</arg>
</arguments>
<status status="PASS" starttime="20210401 10:53:29.775" endtime="20210401 10:53:29.775"></status>
</kw>
<status status="PASS" starttime="20210401 10:53:29.162" endtime="20210401 10:53:29.775"></status>
</kw>
<kw name="${search} = /detail/prodej/byt/1+kk/praha-zabehlice-zabehlicka/1672183132" type="foritem">
<kw name="Catenate" library="BuiltIn">
<doc>Catenates the given items together and returns the resulted string.</doc>
<arguments>
<arg>SEPARATOR=</arg>
<arg>${url}</arg>
<arg>${search}</arg>
</arguments>
<assign>
<var>${search_url}</var>
</assign>
<msg timestamp="20210401 10:53:29.776" level="INFO">${search_url} = https://www.sreality.cz/detail/prodej/byt/1+kk/praha-zabehlice-zabehlicka/1672183132</msg>
<status status="PASS" starttime="20210401 10:53:29.775" endtime="20210401 10:53:29.776"></status>
</kw>
<kw name="Go To" library="Selenium2Library">
<doc>Navigates the current browser window to the provided ``url``.</doc>
<arguments>
<arg>${search_url}</arg>
</arguments>
<msg timestamp="20210401 10:53:29.776" level="INFO">Opening url 'https://www.sreality.cz/detail/prodej/byt/1+kk/praha-zabehlice-zabehlicka/1672183132'</msg>
<status status="PASS" starttime="20210401 10:53:29.776" endtime="20210401 10:53:30.072"></status>
</kw>
<kw name="Wait Until Page Contains Element" library="Selenium2Library">
<doc>Waits until the element ``locator`` appears on the current page.</doc>
<arguments>
<arg>${property_assert_css}</arg>
</arguments>
<status status="PASS" starttime="20210401 10:53:30.073" endtime="20210401 10:53:30.437"></status>
</kw>
<kw name="Iterate Variables and Return List" library="keywords">
<arguments>
<arg>${property_variables_css}</arg>
</arguments>
<assign>
<var>${variables_list}</var>
</assign>
<kw name="Create List" library="BuiltIn">
<doc>Returns a list containing given items.</doc>
<assign>
<var>${variables_list}</var>
</assign>
<msg timestamp="20210401 10:53:30.438" level="INFO">${variables_list} = []</msg>
<status status="PASS" starttime="20210401 10:53:30.438" endtime="20210401 10:53:30.438"></status>
</kw>
<kw name="${variable_tag} IN [ @{variables_tags_list} ]" type="for">
<kw name="${variable_tag} = css:.property-title .name" type="foritem">
<kw name="Get Text" library="Selenium2Library">
[...]
<doc>Returns the text value of the element identified by ``locator``.</doc>
<arguments>
<arg>${variable_tag}</arg>
</arguments>
<assign>
<var>${text}</var>
</assign>
<msg timestamp="20210401 10:53:47.069" level="INFO">${text} = Ječná, Praha 2 - Nové Město</msg>
<status status="PASS" starttime="20210401 10:53:47.032" endtime="20210401 10:53:47.069"></status>
</kw>
<kw name="Append To List" library="Collections">
<doc>Adds ``values`` to the end of ``list``.</doc>
<arguments>
<arg>${variables_list}</arg>
<arg>${text}</arg>
</arguments>
<status status="PASS" starttime="20210401 10:53:47.070" endtime="20210401 10:53:47.070"></status>
</kw>
<status status="PASS" starttime="20210401 10:53:47.032" endtime="20210401 10:53:47.070"></status>
</kw>
<kw name="${variable_tag} = css:.property-title .norm-price" type="foritem">
<kw name="Get Text" library="Selenium2Library">
<doc>Returns the text value of the element identified by ``locator``.</doc>
<arguments>
<arg>${variable_tag}</arg>
</arguments>
<assign>
<var>${text}</var>
</assign>
<msg timestamp="20210401 10:53:47.131" level="INFO">${text} = 5 031 500 Kč</msg>
<status status="PASS" starttime="20210401 10:53:47.071" endtime="20210401 10:53:47.131"></status>
</kw>
<kw name="Append To List" library="Collections">
<doc>Adds ``values`` to the end of ``list``.</doc>
<arguments>
<arg>${variables_list}</arg>
<arg>${text}</arg>
</arguments>
<status status="PASS" starttime="20210401 10:53:47.131" endtime="20210401 10:53:47.132"></status>
</kw>
<status status="PASS" starttime="20210401 10:53:47.070" endtime="20210401 10:53:47.132"></status>
</kw>
<status status="PASS" starttime="20210401 10:53:46.973" endtime="20210401 10:53:47.132"></status>
</kw>
<msg timestamp="20210401 10:53:47.132" level="INFO">${variables_list} = ['Prodej bytu 1+kk 35 m²', 'Ječná, Praha 2 - Nové Město', '5 031 500 Kč']</msg>
<status status="PASS" starttime="20210401 10:53:46.971" endtime="20210401 10:53:47.133"></status>
</kw>
<kw name="Append To List" library="Collections">
<doc>Adds ``values`` to the end of ``list``.</doc>
<arguments>
<arg>${variables_list}</arg>
<arg>${search_url}</arg>
</arguments>
<status status="PASS" starttime="20210401 10:53:47.133" endtime="20210401 10:53:47.133"></status>
</kw>
<kw name="Append To List" library="Collections">
<doc>Adds ``values`` to the end of ``list``.</doc>
<arguments>
<arg>${property_list}</arg>
<arg>${variables_list}</arg>
</arguments>
<status status="PASS" starttime="20210401 10:53:47.133" endtime="20210401 10:53:47.134"></status>
</kw>
<status status="PASS" starttime="20210401 10:53:46.297" endtime="20210401 10:53:47.134"></status>
</kw>
<kw name="${search} = /detail/prodej/byt/1+kk/praha-vinohrady-zahrebska/649428060" type="foritem">
<kw name="Catenate" library="BuiltIn">
<doc>Catenates the given items together and returns the resulted string.</doc>
<arguments>
<arg>SEPARATOR=</arg>
<arg>${url}</arg>
<arg>${search}</arg>
</arguments>
<assign>
<var>${search_url}</var>
</assign>
<msg timestamp="20210401 10:53:47.134" level="INFO">${search_url} = https://www.sreality.cz/detail/prodej/byt/1+kk/praha-vinohrady-zahrebska/649428060</msg>
<status status="PASS" starttime="20210401 10:53:47.134" endtime="20210401 10:53:47.135"></status>
</kw>
<kw name="Go To" library="Selenium2Library">
<doc>Navigates the current browser window to the provided ``url``.</doc>
<arguments>
<arg>${search_url}</arg>
</arguments>
<msg timestamp="20210401 10:53:47.135" level="INFO">Opening url 'https://www.sreality.cz/detail/prodej/byt/1+kk/praha-vinohrady-zahrebska/649428060'</msg>
<status status="PASS" starttime="20210401 10:53:47.135" endtime="20210401 10:53:49.580"></status>
</kw>
<kw name="Wait Until Page Contains Element" library="Selenium2Library">
<doc>Waits until the element ``locator`` appears on the current page.</doc>
<arguments>
<arg>${property_assert_css}</arg>
</arguments>
<status status="PASS" starttime="20210401 10:53:49.580" endtime="20210401 10:53:49.586"></status>
</kw>
<kw name="Iterate Variables and Return List" library="keywords">
<arguments>
<arg>${property_variables_css}</arg>
</arguments>
<assign>
<var>${variables_list}</var>
</assign>
<kw name="Create List" library="BuiltIn">
<doc>Returns a list containing given items.</doc>
<assign>
<var>${variables_list}</var>
</assign>
<msg timestamp="20210401 10:53:49.587" level="INFO">${variables_list} = []</msg>
<status status="PASS" starttime="20210401 10:53:49.586" endtime="20210401 10:53:49.587"></status>
</kw>
<kw name="${variable_tag} IN [ @{variables_tags_list} ]" type="for">
<kw name="${variable_tag} = css:.property-title .name" type="foritem">
<kw name="Get Text" library="Selenium2Library">
<doc>Returns the text value of the element identified by ``locator``.</doc>
<arguments>
<arg>${variable_tag}</arg>
</arguments>
<assign>
<var>${text}</var>
</assign>
<msg timestamp="20210401 10:53:49.601" level="INFO">${text} = Prodej bytu 1+kk 24 m²</msg>
<status status="PASS" starttime="20210401 10:53:49.587" endtime="20210401 10:53:49.601"></status>
</kw>
<kw name="Append To List" library="Collections">
<doc>Adds ``values`` to the end of ``list``.</doc>
<arguments>
<arg>${variables_list}</arg>
<arg>${text}</arg>
</arguments>
<status status="PASS" starttime="20210401 10:53:49.601" endtime="20210401 10:53:49.601"></status>
</kw>
<status status="PASS" starttime="20210401 10:53:49.587" endtime="20210401 10:53:49.602"></status>
</kw>
<kw name="${variable_tag} = css:.property-title .location-text" type="foritem">
<kw name="Get Text" library="Selenium2Library">
<doc>Returns the text value of the element identified by ``locator``.</doc>
<arguments>
<arg>${variable_tag}</arg>
</arguments>
<assign>
<var>${text}</var>
</assign>
<msg timestamp="20210401 10:53:49.616" level="INFO">${text} = Záhřebská, Praha 2 - Vinohrady</msg>
<status status="PASS" starttime="20210401 10:53:49.602" endtime="20210401 10:53:49.616"></status>
</kw>
<kw name="Append To List" library="Collections">
<doc>Adds ``values`` to the end of ``list``.</doc>
<arguments>
<arg>${variables_list}</arg>
<arg>${text}</arg>
</arguments>
<status status="PASS" starttime="20210401 10:53:49.616" endtime="20210401 10:53:49.616"></status>
</kw>
<status status="PASS" starttime="20210401 10:53:49.602" endtime="20210401 10:53:49.616"></status>
</kw>
<kw name="${variable_tag} = css:.property-title .norm-price" type="foritem">
<kw name="Get Text" library="Selenium2Library">
<doc>Returns the text value of the element identified by ``locator``.</doc>
<arguments>
<arg>${variable_tag}</arg>
</arguments>
<assign>
<var>${text}</var>
</assign>
<msg timestamp="20210401 10:53:49.631" level="INFO">${text} = 4 895 000 Kč</msg>
<status status="PASS" starttime="20210401 10:53:49.617" endtime="20210401 10:53:49.631"></status>
</kw>
<kw name="Append To List" library="Collections">
<doc>Adds ``values`` to the end of ``list``.</doc>
<arguments>
<arg>${variables_list}</arg>
<arg>${text}</arg>
</arguments>
<status status="PASS" starttime="20210401 10:53:49.632" endtime="20210401 10:53:49.632"></status>
</kw>
<status status="PASS" starttime="20210401 10:53:49.617" endtime="20210401 10:53:49.632"></status>
</kw>
<status status="PASS" starttime="20210401 10:53:49.587" endtime="20210401 10:53:49.632"></status>
</kw>
<msg timestamp="20210401 10:53:49.632" level="INFO">${variables_list} = ['Prodej bytu 1+kk 24 m²', 'Záhřebská, Praha 2 - Vinohrady', '4 895 000 Kč']</msg>
<status status="PASS" starttime="20210401 10:53:49.586" endtime="20210401 10:53:49.632"></status>
</kw>
<kw name="Append To List" library="Collections">
<doc>Adds ``values`` to the end of ``list``.</doc>
<arguments>
<arg>${variables_list}</arg>
<arg>${search_url}</arg>
</arguments>
<status status="PASS" starttime="20210401 10:53:49.633" endtime="20210401 10:53:49.633"></status>
</kw>
<kw name="Append To List" library="Collections">
<doc>Adds ``values`` to the end of ``list``.</doc>
<arguments>
<arg>${property_list}</arg>
<arg>${variables_list}</arg>
</arguments>
<status status="PASS" starttime="20210401 10:53:49.633" endtime="20210401 10:53:49.633"></status>
</kw>
<status status="PASS" starttime="20210401 10:53:47.134" endtime="20210401 10:53:49.633"></status>
</kw>
<kw name="${search} = /detail/prodej/byt/1+kk/praha-vinohrady-zahrebska/897940572" type="foritem">
<kw name="Catenate" library="BuiltIn">
<doc>Catenates the given items together and returns the resulted string.</doc>
<arguments>
<arg>SEPARATOR=</arg>
<arg>${url}</arg>
<arg>${search}</arg>
</arguments>
<assign>
<var>${search_url}</var>
</assign>
<msg timestamp="20210401 10:53:49.634" level="INFO">${search_url} = https://www.sreality.cz/detail/prodej/byt/1+kk/praha-vinohrady-zahrebska/897940572</msg>
<status status="PASS" starttime="20210401 10:53:49.634" endtime="20210401 10:53:49.634"></status>
</kw>
<kw name="Go To" library="Selenium2Library">
<doc>Navigates the current browser window to the provided ``url``.</doc>
<arguments>
<arg>${search_url}</arg>
</arguments>
<msg timestamp="20210401 10:53:49.634" level="INFO">Opening url 'https://www.sreality.cz/detail/prodej/byt/1+kk/praha-vinohrady-zahrebska/897940572'</msg>
<status status="PASS" starttime="20210401 10:53:49.634" endtime="20210401 10:53:50.673"></status>
</kw>
<kw name="Wait Until Page Contains Element" library="Selenium2Library">
<doc>Waits until the element ``locator`` appears on the current page.</doc>
<arguments>
<arg>${property_assert_css}</arg>
</arguments>
<status status="PASS" starttime="20210401 10:53:50.674" endtime="20210401 10:53:50.680"></status>
</kw>
<kw name="Iterate Variables and Return List" library="keywords">
<arguments>
<arg>${property_variables_css}</arg>
</arguments>
<assign>
<var>${variables_list}</var>
</assign>
<kw name="Create List" library="BuiltIn">
<doc>Returns a list containing given items.</doc>
<assign>
<var>${variables_list}</var>
</assign>
<msg timestamp="20210401 10:53:50.681" level="INFO">${variables_list} = []</msg>
<status status="PASS" starttime="20210401 10:53:50.681" endtime="20210401 10:53:50.681"></status>
</kw>
<kw name="${variable_tag} IN [ @{variables_tags_list} ]" type="for">
<kw name="${variable_tag} = css:.property-title .name" type="foritem">
<kw name="Get Text" library="Selenium2Library">
<doc>Returns the text value of the element identified by ``locator``.</doc>
<arguments>
<arg>${variable_tag}</arg>
</arguments>
<assign>
<var>${text}</var>
</assign>
<msg timestamp="20210401 10:53:50.697" level="INFO">${text} = Prodej bytu 1+kk 27 m²</msg>
<status status="PASS" starttime="20210401 10:53:50.682" endtime="20210401 10:53:50.697"></status>
</kw>
<kw name="Append To List" library="Collections">
<doc>Adds ``values`` to the end of ``list``.</doc>
<arguments>
<arg>${variables_list}</arg>
<arg>${text}</arg>
</arguments>
<status status="PASS" starttime="20210401 10:53:50.697" endtime="20210401 10:53:50.697"></status>
</kw>
<status status="PASS" starttime="20210401 10:53:50.682" endtime="20210401 10:53:50.697"></status>
</kw>
<kw name="${variable_tag} = css:.property-title .location-text" type="foritem">
<kw name="Get Text" library="Selenium2Library">
<doc>Returns the text value of the element identified by ``locator``.</doc>
<arguments>
<arg>${variable_tag}</arg>
</arguments>
<assign>
<var>${text}</var>
</assign>
<msg timestamp="20210401 10:53:50.714" level="INFO">${text} = Záhřebská, Praha 2 - Vinohrady</msg>
<status status="PASS" starttime="20210401 10:53:50.698" endtime="20210401 10:53:50.714"></status>
</kw>
<kw name="Append To List" library="Collections">
<doc>Adds ``values`` to the end of ``list``.</doc>
<arguments>
<arg>${variables_list}</arg>
<arg>${text}</arg>
</arguments>
<status status="PASS" starttime="20210401 10:53:50.715" endtime="20210401 10:53:50.715"></status>
</kw>
<status status="PASS" starttime="20210401 10:53:50.697" endtime="20210401 10:53:50.715"></status>
</kw>
<kw name="${variable_tag} = css:.property-title .norm-price" type="foritem">
<kw name="Get Text" library="Selenium2Library">
<doc>Returns the text value of the element identified by ``locator``.</doc>
<arguments>
<arg>${variable_tag}</arg>
</arguments>
<assign>
<var>${text}</var>
</assign>
<msg timestamp="20210401 10:53:50.730" level="INFO">${text} = 4 965 000 Kč</msg>
<status status="PASS" starttime="20210401 10:53:50.716" endtime="20210401 10:53:50.730"></status>
</kw>
<kw name="Append To List" library="Collections">
<doc>Adds ``values`` to the end of ``list``.</doc>
<arguments>
<arg>${variables_list}</arg>
<arg>${text}</arg>
</arguments>
<status status="PASS" starttime="20210401 10:53:50.730" endtime="20210401 10:53:50.730"></status>
</kw>
<status status="PASS" starttime="20210401 10:53:50.715" endtime="20210401 10:53:50.730"></status>
</kw>
<status status="PASS" starttime="20210401 10:53:50.681" endtime="20210401 10:53:50.731"></status>
</kw>
<msg timestamp="20210401 10:53:50.731" level="INFO">${variables_list} = ['Prodej bytu 1+kk 27 m²', 'Záhřebská, Praha 2 - Vinohrady', '4 965 000 Kč']</msg>
<status status="PASS" starttime="20210401 10:53:50.680" endtime="20210401 10:53:50.731"></status>
</kw>
<kw name="Append To List" library="Collections">
<doc>Adds ``values`` to the end of ``list``.</doc>
<arguments>
<arg>${variables_list}</arg>
<arg>${search_url}</arg>
</arguments>
<status status="PASS" starttime="20210401 10:53:50.731" endtime="20210401 10:53:50.731"></status>
</kw>
<kw name="Append To List" library="Collections">
<doc>Adds ``values`` to the end of ``list``.</doc>
<arguments>
<arg>${property_list}</arg>
<arg>${variables_list}</arg>
</arguments>
<status status="PASS" starttime="20210401 10:53:50.731" endtime="20210401 10:53:50.732"></status>
</kw>
<status status="PASS" starttime="20210401 10:53:49.633" endtime="20210401 10:53:50.732"></status>
</kw>
<status status="PASS" starttime="20210401 10:53:24.788" endtime="20210401 10:53:50.732"></status>
</kw>
<msg timestamp="20210401 10:53:50.732" level="INFO">${variable_list} = [['Nazev', 'Adresa', 'Cena', 'URL'], ['Prodej bytu 1+kk 30 m²', 'Na spojce, Praha 10 - Vršovice', '3 490 000 Kč', 'https://www.sreality.cz/detail/prodej/byt/1+kk/praha-vrsovice-na-spojce/1597705564'],...</msg>
<status status="PASS" starttime="20210401 10:53:24.787" endtime="20210401 10:53:50.732"></status>
</kw>
<kw name="Log List" library="Collections">
<doc>Logs the length and contents of the ``list`` using given ``level``.</doc>
<arguments>
<arg>${variable_list}</arg>
</arguments>
<msg timestamp="20210401 10:53:50.733" level="INFO">List length is 21 and it contains following items:
0: ['Nazev', 'Adresa', 'Cena', 'URL']
1: ['Prodej bytu 1+kk 30 m²', 'Na spojce, Praha 10 - Vršovice', '3 490 000 Kč', 'https://www.sreality.cz/detail/prodej/byt/1+kk/praha-vrsovice-na-spojce/1597705564']
2: ['Prodej bytu 1+kk 33 m²', 'Rohanské nábřeží, Praha - Karlín', '5 261 000 Kč', 'https://www.sreality.cz/detail/prodej/byt/1+kk/praha-karlin-rohanske-nabrezi/3275226204']
3: ['Prodej bytu 1+kk 28 m²', 'Červená báň, Praha - Libeň', '3 961 064 Kč', 'https://www.sreality.cz/detail/prodej/byt/1+kk/praha-liben-cervena-ban/1417702748']
4: ['Prodej bytu 1+kk 28 m²', 'Červená báň, Praha - Libeň', '3 911 844 Kč', 'https://www.sreality.cz/detail/prodej/byt/1+kk/praha-liben-cervena-ban/3098570076']
5: ['Prodej bytu 1+kk 23 m²', 'Záběhlická, Praha - Záběhlice', '2 785 000 Kč', 'https://www.sreality.cz/detail/prodej/byt/1+kk/praha-zabehlice-zabehlicka/1672183132']
6: ['Prodej bytu 1+kk 38 m²', 'Michelská, Praha 4 - Michle', '4 573 550 Kč', 'https://www.sreality.cz/detail/prodej/byt/1+kk/praha-michle-michelska/2161896540']
7: ['Prodej bytu 1+kk 42 m²', 'Baarové, Praha 5 - Hlubočepy', '4 528 063 Kč', 'https://www.sreality.cz/detail/prodej/byt/1+kk/praha-hlubocepy-baarove/2557865308']
8: ['Prodej bytu 1+kk 32 m²', 'U Pergamenky, Praha 7 - Holešovice', '4 422 692 Kč', 'https://www.sreality.cz/detail/prodej/byt/1+kk/praha-holesovice-u-pergamenky/2759245148']
9: ['Prodej bytu 1+kk 33 m²', 'U Sluncové, Praha 8 - Karlín', '4 759 618 Kč', 'https://www.sreality.cz/detail/prodej/byt/1+kk/praha-karlin-u-sluncove/3647786332']
10: ['Prodej bytu 1+kk 35 m²', 'Mezilehlá, Praha 9 - Hrdlořezy', '4 700 000 Kč', 'https://www.sreality.cz/detail/prodej/byt/1+kk/praha-hrdlorezy-mezilehla/2718617180']
11: ['Prodej bytu 1+kk 30 m²', 'Bašteckého, Praha 5 - Stodůlky', '3 350 000 Kč', 'https://www.sreality.cz/detail/prodej/byt/1+kk/praha-stodulky-basteckeho/1926208860']
12: ['Prodej bytu 1+kk 40 m²', 'Vorařská, Praha 4 - Modřany', '4 307 000 Kč', 'https://www.sreality.cz/detail/prodej/byt/1+kk/praha-modrany-vorarska/2032684636']
13: ['Prodej bytu 1+kk 48 m²', 'Tomkova, Praha 5 - Smíchov', '6 350 000 Kč', 'https://www.sreality.cz/detail/prodej/byt/1+kk/praha-smichov-tomkova/297561436']
14: ['Prodej bytu 1+kk 30 m²', 'Rohanské nábřeží, Praha - Karlín', '4 696 000 Kč', 'https://www.sreality.cz/detail/prodej/byt/1+kk/praha-karlin-rohanske-nabrezi/1131871324']
15: ['Prodej bytu 1+kk 24 m²', 'Káranská, Praha 10 - Malešice', '3 300 000 Kč', 'https://www.sreality.cz/detail/prodej/byt/1+kk/praha-malesice-karanska/3016764764']
16: ['Prodej bytu 1+kk 26 m²', 'Španělská, Praha 2 - Vinohrady', '4 452 000 Kč', 'https://www.sreality.cz/detail/prodej/byt/1+kk/praha-vinohrady-spanelska/10424156']
17: ['Prodej bytu 1+kk 33 m²', 'Ječná, Praha 2 - Nové Město', '4 125 000 Kč', 'https://www.sreality.cz/detail/prodej/byt/1+kk/praha-nove-mesto-jecna/50007388']
18: ['Prodej bytu 1+kk 35 m²', 'Ječná, Praha 2 - Nové Město', '5 031 500 Kč', 'https://www.sreality.cz/detail/prodej/byt/1+kk/praha-nove-mesto-jecna/449514844']
19: ['Prodej bytu 1+kk 24 m²', 'Záhřebská, Praha 2 - Vinohrady', '4 895 000 Kč', 'https://www.sreality.cz/detail/prodej/byt/1+kk/praha-vinohrady-zahrebska/649428060']
20: ['Prodej bytu 1+kk 27 m²', 'Záhřebská, Praha 2 - Vinohrady', '4 965 000 Kč', 'https://www.sreality.cz/detail/prodej/byt/1+kk/praha-vinohrady-zahrebska/897940572']</msg>
<status status="PASS" starttime="20210401 10:53:50.732" endtime="20210401 10:53:50.733"></status>
</kw>
<kw name="Append To File" library="OperatingSystem">
<doc>Appends the given content to the specified file.</doc>
<arguments>
<arg>${result_csv}</arg>
<arg>${variable_list}</arg>
</arguments>
<msg timestamp="20210401 10:53:50.734" level="FAIL">TypeError: write() argument must be str, not list</msg>
<status status="FAIL" starttime="20210401 10:53:50.733" endtime="20210401 10:53:50.734"></status>
</kw>
<kw name="Close Browser" library="Selenium2Library" type="teardown">
<doc>Closes the current browser.</doc>
<status status="PASS" starttime="20210401 10:53:50.734" endtime="20210401 10:53:52.939"></status>
</kw>
<tags>
<tag>Print</tag>
</tags>
<status status="FAIL" starttime="20210401 10:53:19.332" endtime="20210401 10:53:52.940" critical="yes">TypeError: write() argument must be str, not list</status>
</test>
<status status="FAIL" starttime="20210401 10:53:19.163" endtime="20210401 10:53:52.944"></status>
</suite>
<status status="FAIL" starttime="20210401 10:53:19.161" endtime="20210401 10:53:52.957"></status>
</suite>
<status status="FAIL" starttime="20210401 10:53:19.144" endtime="20210401 10:53:52.964"></status>
</suite>
<statistics>
<total>
<stat pass="0" fail="1">Critical Tests</stat>
<stat pass="0" fail="1">All Tests</stat>
</total>
<tag>
<stat pass="0" fail="1">Print</stat>
</tag>
<suite>
<stat pass="0" fail="1" id="s1" name="Reality">Reality</stat>
<stat pass="0" fail="1" id="s1-s1" name="Execution">Reality.Execution</stat>
<stat pass="0" fail="1" id="s1-s1-s1" name="Sreality">Reality.Execution.Sreality</stat>
</suite>
</statistics>
<errors>
</errors>
</robot>
